Started by user [8mha:////4DDADJ+JXtoha0V45PIgZg+Gh28AYIKzQB+kPpAO4TiaAAAAmx+LCAAAAAAAAP9b85aBtbiIQTGjNKU4P08vOT+vOD8nVc83PyU1x6OyILUoJzMv2y+/JJUBAhiZGBgqihhk0NSjKDWzXb3RdlLBUSYGJk8GtpzUvPSSDB8G5tKinBIGIZ+sxLJE/ZzEvHT94JKizLx0a6BxUmjGOUNodHsLgAyxEgZ+/dLi1CL9rNLiksy8XAMjAP8cYDTEAAAA[0mJustin Jordan Milushev
Running as SYSTEM
Building in workspace /var/jenkins_home/workspace/ECommerceApplication
[WS-CLEANUP] Deleting project workspace...
[WS-CLEANUP] Deferred wipeout is used...
[WS-CLEANUP] Done
No credentials specified
Cloning the remote Git repository
Cloning repository https://github.com/justinm02/ECommerceApplication.git
 > git init /var/jenkins_home/workspace/ECommerceApplication # timeout=10
Fetching upstream changes from https://github.com/justinm02/ECommerceApplication.git
 > git --version # timeout=10
 > git fetch --tags --force --progress -- https://github.com/justinm02/ECommerceApplication.git +refs/heads/*:refs/remotes/origin/* # timeout=10
 > git config remote.origin.url https://github.com/justinm02/ECommerceApplication.git # timeout=10
 > git config --add remote.origin.fetch +refs/heads/*:refs/remotes/origin/* # timeout=10
 > git config remote.origin.url https://github.com/justinm02/ECommerceApplication.git # timeout=10
Fetching upstream changes from https://github.com/justinm02/ECommerceApplication.git
 > git fetch --tags --force --progress -- https://github.com/justinm02/ECommerceApplication.git +refs/heads/*:refs/remotes/origin/* # timeout=10
 > git rev-parse refs/remotes/origin/master^{commit} # timeout=10
 > git rev-parse refs/remotes/origin/origin/master^{commit} # timeout=10
Checking out Revision be76ef0352792e1958a7110829889901ce485a57 (refs/remotes/origin/master)
 > git config core.sparsecheckout # timeout=10
 > git checkout -f be76ef0352792e1958a7110829889901ce485a57 # timeout=10
Commit message: "Merge remote-tracking branch 'origin/master'"
 > git rev-list --no-walk a41991ac8c258f9f4c75f8d61dfbdc69b5d5362c # timeout=10
[ECommerceApplication] $ /var/jenkins_home/tools/hudson.tasks.Maven_MavenInstallation/buildMvn/bin/mvn -f pom.xml package
[INFO] Scanning for projects...
[INFO] 
[INFO] ----------------------< com.example:auth-course >-----------------------
[INFO] Building auth-course 0.0.1-SNAPSHOT
[INFO] --------------------------------[ jar ]---------------------------------
[INFO] 
[8mha:////4HT2/DbqaFTyznvWALhVxEVUJnquqDah2z04ydMzXqSpAAAAYB+LCAAAAAAAAP9b85aBtbiIQSmjNKU4P0+vJLE4u1gvPjexLDVPzxdEGvvmZ+X75ZekLlOVfvTjc8FPJgaGiiIGKaiG5Py84vycVD1nCA1SyAABjCCFBQCV27OjYAAAAA==[0m[INFO] --- maven-resources-plugin:3.1.0:resources (default-resources) @ auth-course ---
[INFO] Using 'UTF-8' encoding to copy filtered resources.
[INFO] Copying 1 resource
[INFO] Copying 2 resources
[INFO] 
[8mha:////4HT2/DbqaFTyznvWALhVxEVUJnquqDah2z04ydMzXqSpAAAAYB+LCAAAAAAAAP9b85aBtbiIQSmjNKU4P0+vJLE4u1gvPjexLDVPzxdEGvvmZ+X75ZekLlOVfvTjc8FPJgaGiiIGKaiG5Py84vycVD1nCA1SyAABjCCFBQCV27OjYAAAAA==[0m[INFO] --- maven-compiler-plugin:3.8.1:compile (default-compile) @ auth-course ---
[INFO] Changes detected - recompiling the module!
[INFO] Compiling 20 source files to /var/jenkins_home/workspace/ECommerceApplication/target/classes
[INFO] 
[8mha:////4HT2/DbqaFTyznvWALhVxEVUJnquqDah2z04ydMzXqSpAAAAYB+LCAAAAAAAAP9b85aBtbiIQSmjNKU4P0+vJLE4u1gvPjexLDVPzxdEGvvmZ+X75ZekLlOVfvTjc8FPJgaGiiIGKaiG5Py84vycVD1nCA1SyAABjCCFBQCV27OjYAAAAA==[0m[INFO] --- maven-resources-plugin:3.1.0:testResources (default-testResources) @ auth-course ---
[INFO] Using 'UTF-8' encoding to copy filtered resources.
[INFO] skip non existing resourceDirectory /var/jenkins_home/workspace/ECommerceApplication/src/test/resources
[INFO] 
[8mha:////4HT2/DbqaFTyznvWALhVxEVUJnquqDah2z04ydMzXqSpAAAAYB+LCAAAAAAAAP9b85aBtbiIQSmjNKU4P0+vJLE4u1gvPjexLDVPzxdEGvvmZ+X75ZekLlOVfvTjc8FPJgaGiiIGKaiG5Py84vycVD1nCA1SyAABjCCFBQCV27OjYAAAAA==[0m[INFO] --- maven-compiler-plugin:3.8.1:testCompile (default-testCompile) @ auth-course ---
[INFO] Changes detected - recompiling the module!
[INFO] Compiling 6 source files to /var/jenkins_home/workspace/ECommerceApplication/target/test-classes
[INFO] 
[8mha:////4HT2/DbqaFTyznvWALhVxEVUJnquqDah2z04ydMzXqSpAAAAYB+LCAAAAAAAAP9b85aBtbiIQSmjNKU4P0+vJLE4u1gvPjexLDVPzxdEGvvmZ+X75ZekLlOVfvTjc8FPJgaGiiIGKaiG5Py84vycVD1nCA1SyAABjCCFBQCV27OjYAAAAA==[0m[INFO] --- maven-surefire-plugin:2.22.2:test (default-test) @ auth-course ---
[INFO] 
[INFO] -------------------------------------------------------
[INFO]  T E S T S
[INFO] -------------------------------------------------------
[INFO] Running com.example.demo.controllers.CartControllerTest
[INFO] Tests run: 2, Failures: 0, Errors: 0, Skipped: 0, Time elapsed: 1.186 s - in com.example.demo.controllers.CartControllerTest
[INFO] Running com.example.demo.controllers.OrderControllerTest
[INFO] Tests run: 2, Failures: 0, Errors: 0, Skipped: 0, Time elapsed: 0.339 s - in com.example.demo.controllers.OrderControllerTest
[INFO] Running com.example.demo.controllers.UserControllerTest
[INFO] Tests run: 3, Failures: 0, Errors: 0, Skipped: 0, Time elapsed: 0.023 s - in com.example.demo.controllers.UserControllerTest
[INFO] Running com.example.demo.controllers.ItemControllerTest
[INFO] Tests run: 3, Failures: 0, Errors: 0, Skipped: 0, Time elapsed: 0.002 s - in com.example.demo.controllers.ItemControllerTest
[INFO] 
[INFO] Results:
[INFO] 
[INFO] Tests run: 10, Failures: 0, Errors: 0, Skipped: 0
[INFO] 
[INFO] 
[8mha:////4HT2/DbqaFTyznvWALhVxEVUJnquqDah2z04ydMzXqSpAAAAYB+LCAAAAAAAAP9b85aBtbiIQSmjNKU4P0+vJLE4u1gvPjexLDVPzxdEGvvmZ+X75ZekLlOVfvTjc8FPJgaGiiIGKaiG5Py84vycVD1nCA1SyAABjCCFBQCV27OjYAAAAA==[0m[INFO] --- maven-jar-plugin:3.1.1:jar (default-jar) @ auth-course ---
Downloading from central: https://repo.maven.apache.org/maven2/org/apache/maven/maven-archiver/3.3.0/maven-archiver-3.3.0.pom
Progress (1): 2.2/4.4 kBProgress (1): 4.4 kB                        Downloaded from central: https://repo.maven.apache.org/maven2/org/apache/maven/maven-archiver/3.3.0/maven-archiver-3.3.0.pom (4.4 kB at 5.6 kB/s)
Downloading from central: https://repo.maven.apache.org/maven2/org/apache/maven/shared/maven-shared-components/33/maven-shared-components-33.pom
Progress (1): 2.2/5.1 kBProgress (1): 5.0/5.1 kBProgress (1): 5.1 kB                        Downloaded from central: https://repo.maven.apache.org/maven2/org/apache/maven/shared/maven-shared-components/33/maven-shared-components-33.pom (5.1 kB at 66 kB/s)
Downloading from central: https://repo.maven.apache.org/maven2/org/codehaus/plexus/plexus-archiver/3.6.0/plexus-archiver-3.6.0.pom
Progress (1): 2.2/4.8 kBProgress (1): 4.8 kB                        Downloaded from central: https://repo.maven.apache.org/maven2/org/codehaus/plexus/plexus-archiver/3.6.0/plexus-archiver-3.6.0.pom (4.8 kB at 76 kB/s)
Downloading from central: https://repo.maven.apache.org/maven2/org/codehaus/plexus/plexus/5.0/plexus-5.0.pom
Progress (1): 2.2/21 kBProgress (1): 5.0/21 kBProgress (1): 7.8/21 kBProgress (1): 11/21 kB Progress (1): 13/21 kBProgress (1): 16/21 kBProgress (1): 19/21 kBProgress (1): 21 kB                      Downloaded from central: https://repo.maven.apache.org/maven2/org/codehaus/plexus/plexus/5.0/plexus-5.0.pom (21 kB at 242 kB/s)
Downloading from central: https://repo.maven.apache.org/maven2/org/codehaus/plexus/plexus-io/3.0.1/plexus-io-3.0.1.pom
Progress (1): 2.2/4.5 kBProgress (1): 4.5 kB                        Downloaded from central: https://repo.maven.apache.org/maven2/org/codehaus/plexus/plexus-io/3.0.1/plexus-io-3.0.1.pom (4.5 kB at 73 kB/s)
Downloading from central: https://repo.maven.apache.org/maven2/commons-io/commons-io/2.6/commons-io-2.6.pom
Progress (1): 2.2/14 kBProgress (1): 5.0/14 kBProgress (1): 7.8/14 kBProgress (1): 11/14 kB Progress (1): 13/14 kBProgress (1): 14 kB                      Downloaded from central: https://repo.maven.apache.org/maven2/commons-io/commons-io/2.6/commons-io-2.6.pom (14 kB at 198 kB/s)
Downloading from central: https://repo.maven.apache.org/maven2/org/apache/commons/commons-compress/1.16.1/commons-compress-1.16.1.pom
Progress (1): 2.2/16 kBProgress (1): 5.0/16 kBProgress (1): 7.8/16 kBProgress (1): 11/16 kB Progress (1): 13/16 kBProgress (1): 16 kB                      Downloaded from central: https://repo.maven.apache.org/maven2/org/apache/commons/commons-compress/1.16.1/commons-compress-1.16.1.pom (16 kB at 248 kB/s)
Downloading from central: https://repo.maven.apache.org/maven2/org/apache/commons/commons-parent/43/commons-parent-43.pom
Progress (1): 2.2/70 kBProgress (1): 5.0/70 kBProgress (1): 7.8/70 kBProgress (1): 11/70 kB Progress (1): 13/70 kBProgress (1): 16/70 kBProgress (1): 19/70 kBProgress (1): 21/70 kBProgress (1): 24/70 kBProgress (1): 27/70 kBProgress (1): 30/70 kBProgress (1): 32/70 kBProgress (1): 36/70 kBProgress (1): 40/70 kBProgress (1): 45/70 kBProgress (1): 49/70 kBProgress (1): 53/70 kBProgress (1): 57/70 kBProgress (1): 61/70 kBProgress (1): 65/70 kBProgress (1): 69/70 kBProgress (1): 70 kB                      Downloaded from central: https://repo.maven.apache.org/maven2/org/apache/commons/commons-parent/43/commons-parent-43.pom (70 kB at 797 kB/s)
Downloading from central: https://repo.maven.apache.org/maven2/org/iq80/snappy/snappy/0.4/snappy-0.4.pom
Progress (1): 4.1/15 kBProgress (1): 7.7/15 kBProgress (1): 12/15 kB Progress (1): 15 kB                      Downloaded from central: https://repo.maven.apache.org/maven2/org/iq80/snappy/snappy/0.4/snappy-0.4.pom (15 kB at 179 kB/s)
Downloading from central: https://repo.maven.apache.org/maven2/org/tukaani/xz/1.8/xz-1.8.pom
Progress (1): 1.9 kB                    Downloaded from central: https://repo.maven.apache.org/maven2/org/tukaani/xz/1.8/xz-1.8.pom (1.9 kB at 24 kB/s)
Downloading from central: https://repo.maven.apache.org/maven2/org/codehaus/plexus/plexus-interpolation/1.25/plexus-interpolation-1.25.pom
Progress (1): 2.2/2.6 kBProgress (1): 2.6 kB                        Downloaded from central: https://repo.maven.apache.org/maven2/org/codehaus/plexus/plexus-interpolation/1.25/plexus-interpolation-1.25.pom (2.6 kB at 37 kB/s)
Downloading from central: https://repo.maven.apache.org/maven2/org/codehaus/plexus/plexus/5.1/plexus-5.1.pom
Progress (1): 2.2/23 kBProgress (1): 5.0/23 kBProgress (1): 7.8/23 kBProgress (1): 11/23 kB Progress (1): 13/23 kBProgress (1): 16/23 kBProgress (1): 19/23 kBProgress (1): 21/23 kBProgress (1): 23 kB                      Downloaded from central: https://repo.maven.apache.org/maven2/org/codehaus/plexus/plexus/5.1/plexus-5.1.pom (23 kB at 317 kB/s)
Downloading from central: https://repo.maven.apache.org/maven2/org/codehaus/plexus/plexus-archiver/3.7.0/plexus-archiver-3.7.0.pom
Progress (1): 2.2/4.8 kBProgress (1): 4.8 kB                        Downloaded from central: https://repo.maven.apache.org/maven2/org/codehaus/plexus/plexus-archiver/3.7.0/plexus-archiver-3.7.0.pom (4.8 kB at 70 kB/s)
Downloading from central: https://repo.maven.apache.org/maven2/org/codehaus/plexus/plexus-io/3.1.0/plexus-io-3.1.0.pom
Progress (1): 2.2/4.5 kBProgress (1): 4.5 kB                        Downloaded from central: https://repo.maven.apache.org/maven2/org/codehaus/plexus/plexus-io/3.1.0/plexus-io-3.1.0.pom (4.5 kB at 70 kB/s)
Downloading from central: https://repo.maven.apache.org/maven2/org/apache/commons/commons-compress/1.18/commons-compress-1.18.pom
Progress (1): 2.2/18 kBProgress (1): 5.0/18 kBProgress (1): 7.8/18 kBProgress (1): 11/18 kB Progress (1): 13/18 kBProgress (1): 16/18 kBProgress (1): 18 kB                      Downloaded from central: https://repo.maven.apache.org/maven2/org/apache/commons/commons-compress/1.18/commons-compress-1.18.pom (18 kB at 237 kB/s)
Downloading from central: https://repo.maven.apache.org/maven2/org/apache/commons/commons-parent/47/commons-parent-47.pom
Progress (1): 2.2/78 kBProgress (1): 5.0/78 kBProgress (1): 7.8/78 kBProgress (1): 11/78 kB Progress (1): 13/78 kBProgress (1): 16/78 kBProgress (1): 19/78 kBProgress (1): 21/78 kBProgress (1): 24/78 kBProgress (1): 27/78 kBProgress (1): 30/78 kBProgress (1): 32/78 kBProgress (1): 36/78 kBProgress (1): 40/78 kBProgress (1): 45/78 kBProgress (1): 49/78 kBProgress (1): 53/78 kBProgress (1): 57/78 kBProgress (1): 61/78 kBProgress (1): 65/78 kBProgress (1): 69/78 kBProgress (1): 73/78 kBProgress (1): 77/78 kBProgress (1): 78 kB                      Downloaded from central: https://repo.maven.apache.org/maven2/org/apache/commons/commons-parent/47/commons-parent-47.pom (78 kB at 725 kB/s)
Downloading from central: https://repo.maven.apache.org/maven2/org/apache/maven/maven-archiver/3.3.0/maven-archiver-3.3.0.jar
Downloading from central: https://repo.maven.apache.org/maven2/org/codehaus/plexus/plexus-archiver/3.7.0/plexus-archiver-3.7.0.jar
Downloading from central: https://repo.maven.apache.org/maven2/org/codehaus/plexus/plexus-io/3.1.0/plexus-io-3.1.0.jar
Downloading from central: https://repo.maven.apache.org/maven2/org/apache/commons/commons-compress/1.18/commons-compress-1.18.jar
Downloading from central: https://repo.maven.apache.org/maven2/org/iq80/snappy/snappy/0.4/snappy-0.4.jar
Progress (1): 4.1/24 kBProgress (1): 7.7/24 kBProgress (1): 12/24 kB Progress (1): 16/24 kBProgress (1): 20/24 kBProgress (1): 24 kB                      Downloaded from central: https://repo.maven.apache.org/maven2/org/apache/maven/maven-archiver/3.3.0/maven-archiver-3.3.0.jar (24 kB at 241 kB/s)
Downloading from central: https://repo.maven.apache.org/maven2/org/tukaani/xz/1.8/xz-1.8.jar
Progress (1): 4.1/109 kBProgress (1): 7.7/109 kBProgress (1): 12/109 kB Progress (1): 16/109 kBProgress (1): 20/109 kBProgress (1): 24/109 kBProgress (1): 28/109 kBProgress (1): 32/109 kBProgress (1): 36/109 kBProgress (1): 40/109 kBProgress (1): 45/109 kBProgress (1): 49/109 kBProgress (1): 53/109 kBProgress (1): 57/109 kBProgress (1): 61/109 kBProgress (1): 65/109 kBProgress (1): 69/109 kBProgress (1): 73/109 kBProgress (1): 77/109 kBProgress (1): 81/109 kBProgress (1): 85/109 kBProgress (1): 90/109 kBProgress (1): 94/109 kBProgress (1): 98/109 kBProgress (1): 102/109 kBProgress (1): 106/109 kBProgress (1): 109 kB                        Downloaded from central: https://repo.maven.apache.org/maven2/org/tukaani/xz/1.8/xz-1.8.jar (109 kB at 687 kB/s)
Progress (1): 2.2/592 kBProgress (1): 5.0/592 kBProgress (1): 7.7/592 kBProgress (2): 7.7/592 kB | 2.2/58 kBProgress (2): 7.7/592 kB | 5.0/58 kBProgress (2): 7.7/592 kB | 7.7/58 kBProgress (3): 7.7/592 kB | 7.7/58 kB | 2.2/75 kBProgress (3): 7.7/592 kB | 7.7/58 kB | 5.0/75 kBProgress (3): 7.7/592 kB | 7.7/58 kB | 7.7/75 kBProgress (4): 7.7/592 kB | 7.7/58 kB | 7.7/75 kB | 2.2/192 kBProgress (4): 7.7/592 kB | 7.7/58 kB | 7.7/75 kB | 5.0/192 kBProgress (4): 7.7/592 kB | 7.7/58 kB | 7.7/75 kB | 7.7/192 kBProgress (4): 7.7/592 kB | 7.7/58 kB | 7.7/75 kB | 10/192 kB Progress (4): 10/592 kB | 7.7/58 kB | 7.7/75 kB | 10/192 kB Progress (4): 13/592 kB | 7.7/58 kB | 7.7/75 kB | 10/192 kBProgress (4): 16/592 kB | 7.7/58 kB | 7.7/75 kB | 10/192 kBProgress (4): 19/592 kB | 7.7/58 kB | 7.7/75 kB | 10/192 kBProgress (4): 21/592 kB | 7.7/58 kB | 7.7/75 kB | 10/192 kBProgress (4): 24/592 kB | 7.7/58 kB | 7.7/75 kB | 10/192 kBProgress (4): 27/592 kB | 7.7/58 kB | 7.7/75 kB | 10/192 kBProgress (4): 30/592 kB | 7.7/58 kB | 7.7/75 kB | 10/192 kBProgress (4): 32/592 kB | 7.7/58 kB | 7.7/75 kB | 10/192 kBProgress (4): 32/592 kB | 10/58 kB | 7.7/75 kB | 10/192 kB Progress (4): 32/592 kB | 13/58 kB | 7.7/75 kB | 10/192 kBProgress (4): 32/592 kB | 16/58 kB | 7.7/75 kB | 10/192 kBProgress (4): 32/592 kB | 19/58 kB | 7.7/75 kB | 10/192 kBProgress (4): 32/592 kB | 19/58 kB | 10/75 kB | 10/192 kB Progress (4): 32/592 kB | 21/58 kB | 10/75 kB | 10/192 kBProgress (4): 32/592 kB | 21/58 kB | 13/75 kB | 10/192 kBProgress (4): 32/592 kB | 21/58 kB | 16/75 kB | 10/192 kBProgress (4): 32/592 kB | 21/58 kB | 19/75 kB | 10/192 kBProgress (4): 32/592 kB | 21/58 kB | 21/75 kB | 10/192 kBProgress (4): 32/592 kB | 21/58 kB | 24/75 kB | 10/192 kBProgress (4): 32/592 kB | 21/58 kB | 27/75 kB | 10/192 kBProgress (4): 32/592 kB | 24/58 kB | 27/75 kB | 10/192 kBProgress (4): 32/592 kB | 24/58 kB | 30/75 kB | 10/192 kBProgress (4): 32/592 kB | 24/58 kB | 30/75 kB | 13/192 kBProgress (4): 32/592 kB | 24/58 kB | 30/75 kB | 16/192 kBProgress (4): 32/592 kB | 24/58 kB | 30/75 kB | 19/192 kBProgress (4): 32/592 kB | 27/58 kB | 30/75 kB | 19/192 kBProgress (4): 36/592 kB | 27/58 kB | 30/75 kB | 19/192 kBProgress (4): 40/592 kB | 27/58 kB | 30/75 kB | 19/192 kBProgress (4): 45/592 kB | 27/58 kB | 30/75 kB | 19/192 kBProgress (4): 49/592 kB | 27/58 kB | 30/75 kB | 19/192 kBProgress (4): 53/592 kB | 27/58 kB | 30/75 kB | 19/192 kBProgress (4): 57/592 kB | 27/58 kB | 30/75 kB | 19/192 kBProgress (4): 61/592 kB | 27/58 kB | 30/75 kB | 19/192 kBProgress (4): 65/592 kB | 27/58 kB | 30/75 kB | 19/192 kBProgress (4): 65/592 kB | 27/58 kB | 32/75 kB | 19/192 kBProgress (4): 65/592 kB | 27/58 kB | 32/75 kB | 21/192 kBProgress (4): 65/592 kB | 30/58 kB | 32/75 kB | 21/192 kBProgress (4): 69/592 kB | 30/58 kB | 32/75 kB | 21/192 kBProgress (4): 73/592 kB | 30/58 kB | 32/75 kB | 21/192 kBProgress (4): 77/592 kB | 30/58 kB | 32/75 kB | 21/192 kBProgress (4): 81/592 kB | 30/58 kB | 32/75 kB | 21/192 kBProgress (4): 81/592 kB | 30/58 kB | 32/75 kB | 24/192 kBProgress (4): 81/592 kB | 30/58 kB | 32/75 kB | 27/192 kBProgress (4): 81/592 kB | 30/58 kB | 32/75 kB | 30/192 kBProgress (4): 81/592 kB | 30/58 kB | 32/75 kB | 32/192 kBProgress (4): 81/592 kB | 32/58 kB | 32/75 kB | 32/192 kBProgress (4): 81/592 kB | 32/58 kB | 36/75 kB | 32/192 kBProgress (4): 81/592 kB | 32/58 kB | 40/75 kB | 32/192 kBProgress (4): 81/592 kB | 32/58 kB | 45/75 kB | 32/192 kBProgress (4): 81/592 kB | 32/58 kB | 49/75 kB | 32/192 kBProgress (4): 85/592 kB | 32/58 kB | 49/75 kB | 32/192 kBProgress (4): 90/592 kB | 32/58 kB | 49/75 kB | 32/192 kBProgress (4): 94/592 kB | 32/58 kB | 49/75 kB | 32/192 kBProgress (4): 98/592 kB | 32/58 kB | 49/75 kB | 32/192 kBProgress (4): 102/592 kB | 32/58 kB | 49/75 kB | 32/192 kBProgress (4): 106/592 kB | 32/58 kB | 49/75 kB | 32/192 kBProgress (4): 110/592 kB | 32/58 kB | 49/75 kB | 32/192 kBProgress (4): 114/592 kB | 32/58 kB | 49/75 kB | 32/192 kBProgress (4): 118/592 kB | 32/58 kB | 49/75 kB | 32/192 kBProgress (4): 122/592 kB | 32/58 kB | 49/75 kB | 32/192 kBProgress (4): 126/592 kB | 32/58 kB | 49/75 kB | 32/192 kBProgress (4): 131/592 kB | 32/58 kB | 49/75 kB | 32/192 kBProgress (4): 135/592 kB | 32/58 kB | 49/75 kB | 32/192 kBProgress (4): 139/592 kB | 32/58 kB | 49/75 kB | 32/192 kBProgress (4): 143/592 kB | 32/58 kB | 49/75 kB | 32/192 kBProgress (4): 147/592 kB | 32/58 kB | 49/75 kB | 32/192 kBProgress (4): 147/592 kB | 36/58 kB | 49/75 kB | 32/192 kBProgress (4): 151/592 kB | 36/58 kB | 49/75 kB | 32/192 kBProgress (4): 151/592 kB | 40/58 kB | 49/75 kB | 32/192 kBProgress (4): 151/592 kB | 45/58 kB | 49/75 kB | 32/192 kBProgress (4): 151/592 kB | 49/58 kB | 49/75 kB | 32/192 kBProgress (4): 155/592 kB | 49/58 kB | 49/75 kB | 32/192 kBProgress (4): 159/592 kB | 49/58 kB | 49/75 kB | 32/192 kBProgress (4): 163/592 kB | 49/58 kB | 49/75 kB | 32/192 kBProgress (4): 167/592 kB | 49/58 kB | 49/75 kB | 32/192 kBProgress (4): 171/592 kB | 49/58 kB | 49/75 kB | 32/192 kBProgress (4): 176/592 kB | 49/58 kB | 49/75 kB | 32/192 kBProgress (4): 176/592 kB | 49/58 kB | 53/75 kB | 32/192 kBProgress (4): 176/592 kB | 49/58 kB | 57/75 kB | 32/192 kBProgress (4): 176/592 kB | 53/58 kB | 57/75 kB | 32/192 kBProgress (4): 176/592 kB | 57/58 kB | 57/75 kB | 32/192 kBProgress (4): 176/592 kB | 57/58 kB | 61/75 kB | 32/192 kBProgress (4): 176/592 kB | 57/58 kB | 65/75 kB | 32/192 kBProgress (4): 176/592 kB | 57/58 kB | 65/75 kB | 36/192 kBProgress (4): 176/592 kB | 57/58 kB | 69/75 kB | 36/192 kBProgress (4): 176/592 kB | 57/58 kB | 73/75 kB | 36/192 kBProgress (4): 176/592 kB | 57/58 kB | 75 kB | 36/192 kB   Progress (4): 180/592 kB | 57/58 kB | 75 kB | 36/192 kBProgress (4): 180/592 kB | 57/58 kB | 75 kB | 40/192 kBProgress (4): 180/592 kB | 57/58 kB | 75 kB | 45/192 kBProgress (4): 180/592 kB | 57/58 kB | 75 kB | 49/192 kBProgress (4): 180/592 kB | 58 kB | 75 kB | 49/192 kB   Progress (4): 184/592 kB | 58 kB | 75 kB | 49/192 kBProgress (4): 184/592 kB | 58 kB | 75 kB | 53/192 kBProgress (4): 184/592 kB | 58 kB | 75 kB | 57/192 kBProgress (4): 184/592 kB | 58 kB | 75 kB | 61/192 kBProgress (4): 184/592 kB | 58 kB | 75 kB | 65/192 kBProgress (4): 188/592 kB | 58 kB | 75 kB | 65/192 kBProgress (4): 192/592 kB | 58 kB | 75 kB | 65/192 kBProgress (4): 196/592 kB | 58 kB | 75 kB | 65/192 kBProgress (4): 200/592 kB | 58 kB | 75 kB | 65/192 kBProgress (4): 204/592 kB | 58 kB | 75 kB | 65/192 kBProgress (4): 208/592 kB | 58 kB | 75 kB | 65/192 kBProgress (4): 212/592 kB | 58 kB | 75 kB | 65/192 kBProgress (4): 217/592 kB | 58 kB | 75 kB | 65/192 kBProgress (4): 221/592 kB | 58 kB | 75 kB | 65/192 kBProgress (4): 221/592 kB | 58 kB | 75 kB | 69/192 kBProgress (4): 221/592 kB | 58 kB | 75 kB | 73/192 kBProgress (4): 221/592 kB | 58 kB | 75 kB | 77/192 kBProgress (4): 221/592 kB | 58 kB | 75 kB | 81/192 kBProgress (4): 225/592 kB | 58 kB | 75 kB | 81/192 kBProgress (4): 229/592 kB | 58 kB | 75 kB | 81/192 kBProgress (4): 233/592 kB | 58 kB | 75 kB | 81/192 kBProgress (4): 233/592 kB | 58 kB | 75 kB | 85/192 kB                                                    Downloaded from central: https://repo.maven.apache.org/maven2/org/codehaus/plexus/plexus-io/3.1.0/plexus-io-3.1.0.jar (75 kB at 197 kB/s)
Downloaded from central: https://repo.maven.apache.org/maven2/org/iq80/snappy/snappy/0.4/snappy-0.4.jar (58 kB at 157 kB/s)
Progress (2): 233/592 kB | 90/192 kBProgress (2): 233/592 kB | 94/192 kBProgress (2): 237/592 kB | 94/192 kBProgress (2): 241/592 kB | 94/192 kBProgress (2): 245/592 kB | 94/192 kBProgress (2): 245/592 kB | 98/192 kBProgress (2): 249/592 kB | 98/192 kBProgress (2): 253/592 kB | 98/192 kBProgress (2): 258/592 kB | 98/192 kBProgress (2): 262/592 kB | 98/192 kBProgress (2): 262/592 kB | 102/192 kBProgress (2): 262/592 kB | 106/192 kBProgress (2): 262/592 kB | 110/192 kBProgress (2): 262/592 kB | 114/192 kBProgress (2): 266/592 kB | 114/192 kBProgress (2): 270/592 kB | 114/192 kBProgress (2): 274/592 kB | 114/192 kBProgress (2): 278/592 kB | 114/192 kBProgress (2): 282/592 kB | 114/192 kBProgress (2): 286/592 kB | 114/192 kBProgress (2): 290/592 kB | 114/192 kBProgress (2): 294/592 kB | 114/192 kBProgress (2): 298/592 kB | 114/192 kBProgress (2): 303/592 kB | 114/192 kBProgress (2): 307/592 kB | 114/192 kBProgress (2): 311/592 kB | 114/192 kBProgress (2): 311/592 kB | 118/192 kBProgress (2): 311/592 kB | 122/192 kBProgress (2): 311/592 kB | 126/192 kBProgress (2): 311/592 kB | 131/192 kBProgress (2): 315/592 kB | 131/192 kBProgress (2): 319/592 kB | 131/192 kBProgress (2): 323/592 kB | 131/192 kBProgress (2): 327/592 kB | 131/192 kBProgress (2): 331/592 kB | 131/192 kBProgress (2): 335/592 kB | 131/192 kBProgress (2): 335/592 kB | 135/192 kBProgress (2): 339/592 kB | 135/192 kBProgress (2): 344/592 kB | 135/192 kBProgress (2): 344/592 kB | 139/192 kBProgress (2): 344/592 kB | 143/192 kBProgress (2): 344/592 kB | 147/192 kBProgress (2): 348/592 kB | 147/192 kBProgress (2): 352/592 kB | 147/192 kBProgress (2): 356/592 kB | 147/192 kBProgress (2): 360/592 kB | 147/192 kBProgress (2): 364/592 kB | 147/192 kBProgress (2): 368/592 kB | 147/192 kBProgress (2): 372/592 kB | 147/192 kBProgress (2): 376/592 kB | 147/192 kBProgress (2): 380/592 kB | 147/192 kBProgress (2): 384/592 kB | 147/192 kBProgress (2): 389/592 kB | 147/192 kBProgress (2): 389/592 kB | 151/192 kBProgress (2): 393/592 kB | 151/192 kBProgress (2): 393/592 kB | 155/192 kBProgress (2): 393/592 kB | 159/192 kBProgress (2): 393/592 kB | 163/192 kBProgress (2): 397/592 kB | 163/192 kBProgress (2): 401/592 kB | 163/192 kBProgress (2): 405/592 kB | 163/192 kBProgress (2): 409/592 kB | 163/192 kBProgress (2): 413/592 kB | 163/192 kBProgress (2): 417/592 kB | 163/192 kBProgress (2): 417/592 kB | 167/192 kBProgress (2): 421/592 kB | 167/192 kBProgress (2): 425/592 kB | 167/192 kBProgress (2): 430/592 kB | 167/192 kBProgress (2): 434/592 kB | 167/192 kBProgress (2): 438/592 kB | 167/192 kBProgress (2): 442/592 kB | 167/192 kBProgress (2): 446/592 kB | 167/192 kBProgress (2): 450/592 kB | 167/192 kBProgress (2): 454/592 kB | 167/192 kBProgress (2): 458/592 kB | 167/192 kBProgress (2): 462/592 kB | 167/192 kBProgress (2): 466/592 kB | 167/192 kBProgress (2): 470/592 kB | 167/192 kBProgress (2): 475/592 kB | 167/192 kBProgress (2): 475/592 kB | 171/192 kBProgress (2): 475/592 kB | 176/192 kBProgress (2): 475/592 kB | 180/192 kBProgress (2): 479/592 kB | 180/192 kBProgress (2): 479/592 kB | 184/192 kBProgress (2): 479/592 kB | 188/192 kBProgress (2): 479/592 kB | 192 kB    Progress (2): 483/592 kB | 192 kBProgress (2): 487/592 kB | 192 kBProgress (2): 491/592 kB | 192 kBProgress (2): 495/592 kB | 192 kBProgress (2): 499/592 kB | 192 kBProgress (2): 503/592 kB | 192 kBProgress (2): 507/592 kB | 192 kBProgress (2): 511/592 kB | 192 kBProgress (2): 516/592 kB | 192 kBProgress (2): 520/592 kB | 192 kBProgress (2): 524/592 kB | 192 kBProgress (2): 528/592 kB | 192 kBProgress (2): 532/592 kB | 192 kBProgress (2): 536/592 kB | 192 kBProgress (2): 540/592 kB | 192 kBProgress (2): 544/592 kB | 192 kBProgress (2): 548/592 kB | 192 kBProgress (2): 552/592 kB | 192 kBProgress (2): 557/592 kB | 192 kBProgress (2): 561/592 kB | 192 kBProgress (2): 565/592 kB | 192 kBProgress (2): 569/592 kB | 192 kBProgress (2): 573/592 kB | 192 kBProgress (2): 577/592 kB | 192 kBProgress (2): 581/592 kB | 192 kBProgress (2): 585/592 kB | 192 kBProgress (2): 589/592 kB | 192 kBProgress (2): 592 kB | 192 kB                                 Downloaded from central: https://repo.maven.apache.org/maven2/org/codehaus/plexus/plexus-archiver/3.7.0/plexus-archiver-3.7.0.jar (192 kB at 405 kB/s)
Downloaded from central: https://repo.maven.apache.org/maven2/org/apache/commons/commons-compress/1.18/commons-compress-1.18.jar (592 kB at 1.2 MB/s)
[INFO] Building jar: /var/jenkins_home/workspace/ECommerceApplication/target/auth-course-0.0.1-SNAPSHOT.jar
[INFO] 
[8mha:////4HT2/DbqaFTyznvWALhVxEVUJnquqDah2z04ydMzXqSpAAAAYB+LCAAAAAAAAP9b85aBtbiIQSmjNKU4P0+vJLE4u1gvPjexLDVPzxdEGvvmZ+X75ZekLlOVfvTjc8FPJgaGiiIGKaiG5Py84vycVD1nCA1SyAABjCCFBQCV27OjYAAAAA==[0m[INFO] --- spring-boot-maven-plugin:2.1.5.RELEASE:repackage (repackage) @ auth-course ---
Downloading from central: https://repo.maven.apache.org/maven2/org/springframework/boot/spring-boot-loader-tools/2.1.5.RELEASE/spring-boot-loader-tools-2.1.5.RELEASE.pom
Progress (1): 2.2/2.7 kBProgress (1): 2.7 kB                        Downloaded from central: https://repo.maven.apache.org/maven2/org/springframework/boot/spring-boot-loader-tools/2.1.5.RELEASE/spring-boot-loader-tools-2.1.5.RELEASE.pom (2.7 kB at 41 kB/s)
Downloading from central: https://repo.maven.apache.org/maven2/org/apache/maven/maven-archiver/3.2.0/maven-archiver-3.2.0.pom
Progress (1): 2.2/4.3 kBProgress (1): 4.3 kB                        Downloaded from central: https://repo.maven.apache.org/maven2/org/apache/maven/maven-archiver/3.2.0/maven-archiver-3.2.0.pom (4.3 kB at 71 kB/s)
Downloading from central: https://repo.maven.apache.org/maven2/org/codehaus/plexus/plexus-component-annotations/1.5.5/plexus-component-annotations-1.5.5.pom
Progress (1): 815 B                   Downloaded from central: https://repo.maven.apache.org/maven2/org/codehaus/plexus/plexus-component-annotations/1.5.5/plexus-component-annotations-1.5.5.pom (815 B at 14 kB/s)
Downloading from central: https://repo.maven.apache.org/maven2/org/codehaus/plexus/plexus-containers/1.5.5/plexus-containers-1.5.5.pom
Progress (1): 2.2/4.2 kBProgress (1): 4.2 kB                        Downloaded from central: https://repo.maven.apache.org/maven2/org/codehaus/plexus/plexus-containers/1.5.5/plexus-containers-1.5.5.pom (4.2 kB at 72 kB/s)
Downloading from central: https://repo.maven.apache.org/maven2/org/codehaus/plexus/plexus-component-annotations/1.5.4/plexus-component-annotations-1.5.4.pom
Progress (1): 815 B                   Downloaded from central: https://repo.maven.apache.org/maven2/org/codehaus/plexus/plexus-component-annotations/1.5.4/plexus-component-annotations-1.5.4.pom (815 B at 11 kB/s)
Downloading from central: https://repo.maven.apache.org/maven2/org/codehaus/plexus/plexus-containers/1.5.4/plexus-containers-1.5.4.pom
Progress (1): 2.2/4.2 kBProgress (1): 4.2 kB                        Downloaded from central: https://repo.maven.apache.org/maven2/org/codehaus/plexus/plexus-containers/1.5.4/plexus-containers-1.5.4.pom (4.2 kB at 83 kB/s)
Downloading from central: https://repo.maven.apache.org/maven2/org/codehaus/plexus/plexus/2.0.5/plexus-2.0.5.pom
Progress (1): 2.2/17 kBProgress (1): 5.0/17 kBProgress (1): 7.8/17 kBProgress (1): 11/17 kB Progress (1): 13/17 kBProgress (1): 16/17 kBProgress (1): 17 kB                      Downloaded from central: https://repo.maven.apache.org/maven2/org/codehaus/plexus/plexus/2.0.5/plexus-2.0.5.pom (17 kB at 244 kB/s)
Downloading from central: https://repo.maven.apache.org/maven2/org/apache/maven/shared/maven-shared-utils/3.2.0/maven-shared-utils-3.2.0.pom
Progress (1): 2.2/4.9 kBProgress (1): 4.9 kB                        Downloaded from central: https://repo.maven.apache.org/maven2/org/apache/maven/shared/maven-shared-utils/3.2.0/maven-shared-utils-3.2.0.pom (4.9 kB at 86 kB/s)
Downloading from central: https://repo.maven.apache.org/maven2/org/codehaus/plexus/plexus-archiver/3.5/plexus-archiver-3.5.pom
Progress (1): 2.2/4.8 kBProgress (1): 4.8 kB                        Downloaded from central: https://repo.maven.apache.org/maven2/org/codehaus/plexus/plexus-archiver/3.5/plexus-archiver-3.5.pom (4.8 kB at 91 kB/s)
Downloading from central: https://repo.maven.apache.org/maven2/org/codehaus/plexus/plexus-io/3.0.0/plexus-io-3.0.0.pom
Progress (1): 2.2/4.5 kBProgress (1): 4.5 kB                        Downloaded from central: https://repo.maven.apache.org/maven2/org/codehaus/plexus/plexus-io/3.0.0/plexus-io-3.0.0.pom (4.5 kB at 75 kB/s)
Downloading from central: https://repo.maven.apache.org/maven2/org/apache/commons/commons-compress/1.14/commons-compress-1.14.pom
Progress (1): 2.2/13 kBProgress (1): 5.0/13 kBProgress (1): 7.8/13 kBProgress (1): 11/13 kB Progress (1): 13 kB                      Downloaded from central: https://repo.maven.apache.org/maven2/org/apache/commons/commons-compress/1.14/commons-compress-1.14.pom (13 kB at 223 kB/s)
Downloading from central: https://repo.maven.apache.org/maven2/org/tukaani/xz/1.6/xz-1.6.pom
Progress (1): 1.9 kB                    Downloaded from central: https://repo.maven.apache.org/maven2/org/tukaani/xz/1.6/xz-1.6.pom (1.9 kB at 31 kB/s)
Downloading from central: https://repo.maven.apache.org/maven2/org/apache/maven/maven-artifact/3.3.9/maven-artifact-3.3.9.pom
Progress (1): 2.1 kB                    Downloaded from central: https://repo.maven.apache.org/maven2/org/apache/maven/maven-artifact/3.3.9/maven-artifact-3.3.9.pom (2.1 kB at 35 kB/s)
Downloading from central: https://repo.maven.apache.org/maven2/org/apache/maven/maven/3.3.9/maven-3.3.9.pom
Progress (1): 2.2/24 kBProgress (1): 5.0/24 kBProgress (1): 7.8/24 kBProgress (1): 11/24 kB Progress (1): 13/24 kBProgress (1): 16/24 kBProgress (1): 19/24 kBProgress (1): 21/24 kBProgress (1): 24 kB                      Downloaded from central: https://repo.maven.apache.org/maven2/org/apache/maven/maven/3.3.9/maven-3.3.9.pom (24 kB at 328 kB/s)
Downloading from central: https://repo.maven.apache.org/maven2/org/apache/maven/maven-parent/27/maven-parent-27.pom
Progress (1): 2.2/41 kBProgress (1): 5.0/41 kBProgress (1): 7.8/41 kBProgress (1): 11/41 kB Progress (1): 13/41 kBProgress (1): 16/41 kBProgress (1): 19/41 kBProgress (1): 21/41 kBProgress (1): 24/41 kBProgress (1): 27/41 kBProgress (1): 30/41 kBProgress (1): 32/41 kBProgress (1): 36/41 kBProgress (1): 40/41 kBProgress (1): 41 kB                      Downloaded from central: https://repo.maven.apache.org/maven2/org/apache/maven/maven-parent/27/maven-parent-27.pom (41 kB at 582 kB/s)
Downloading from central: https://repo.maven.apache.org/maven2/org/apache/apache/17/apache-17.pom
Progress (1): 4.1/16 kBProgress (1): 7.7/16 kBProgress (1): 12/16 kB Progress (1): 16/16 kBProgress (1): 16 kB                      Downloaded from central: https://repo.maven.apache.org/maven2/org/apache/apache/17/apache-17.pom (16 kB at 240 kB/s)
Downloading from central: https://repo.maven.apache.org/maven2/org/apache/commons/commons-lang3/3.8.1/commons-lang3-3.8.1.pom
Progress (1): 4.1/28 kBProgress (1): 7.7/28 kBProgress (1): 12/28 kB Progress (1): 16/28 kBProgress (1): 20/28 kBProgress (1): 24/28 kBProgress (1): 28 kB                      Downloaded from central: https://repo.maven.apache.org/maven2/org/apache/commons/commons-lang3/3.8.1/commons-lang3-3.8.1.pom (28 kB at 372 kB/s)
Downloading from central: https://repo.maven.apache.org/maven2/org/apache/maven/maven-core/3.3.9/maven-core-3.3.9.pom
Progress (1): 4.1/8.3 kBProgress (1): 7.7/8.3 kBProgress (1): 8.3 kB                        Downloaded from central: https://repo.maven.apache.org/maven2/org/apache/maven/maven-core/3.3.9/maven-core-3.3.9.pom (8.3 kB at 117 kB/s)
Downloading from central: https://repo.maven.apache.org/maven2/org/apache/maven/maven-model/3.3.9/maven-model-3.3.9.pom
Progress (1): 4.0 kB                    Downloaded from central: https://repo.maven.apache.org/maven2/org/apache/maven/maven-model/3.3.9/maven-model-3.3.9.pom (4.0 kB at 64 kB/s)
Downloading from central: https://repo.maven.apache.org/maven2/org/apache/maven/maven-settings/3.3.9/maven-settings-3.3.9.pom
Progress (1): 1.8 kB                    Downloaded from central: https://repo.maven.apache.org/maven2/org/apache/maven/maven-settings/3.3.9/maven-settings-3.3.9.pom (1.8 kB at 8.3 kB/s)
Downloading from central: https://repo.maven.apache.org/maven2/org/apache/maven/maven-settings-builder/3.3.9/maven-settings-builder-3.3.9.pom
Progress (1): 2.2/2.6 kBProgress (1): 2.6 kB                        Downloaded from central: https://repo.maven.apache.org/maven2/org/apache/maven/maven-settings-builder/3.3.9/maven-settings-builder-3.3.9.pom (2.6 kB at 13 kB/s)
Downloading from central: https://repo.maven.apache.org/maven2/org/apache/maven/maven-builder-support/3.3.9/maven-builder-support-3.3.9.pom
Progress (1): 1.7 kB                    Downloaded from central: https://repo.maven.apache.org/maven2/org/apache/maven/maven-builder-support/3.3.9/maven-builder-support-3.3.9.pom (1.7 kB at 6.7 kB/s)
Downloading from central: https://repo.maven.apache.org/maven2/org/codehaus/plexus/plexus-interpolation/1.21/plexus-interpolation-1.21.pom
Progress (1): 1.5 kB                    Downloaded from central: https://repo.maven.apache.org/maven2/org/codehaus/plexus/plexus-interpolation/1.21/plexus-interpolation-1.21.pom (1.5 kB at 6.7 kB/s)
Downloading from central: https://repo.maven.apache.org/maven2/org/codehaus/plexus/plexus-component-annotations/1.6/plexus-component-annotations-1.6.pom
Progress (1): 748 B                   Downloaded from central: https://repo.maven.apache.org/maven2/org/codehaus/plexus/plexus-component-annotations/1.6/plexus-component-annotations-1.6.pom (748 B at 4.5 kB/s)
Downloading from central: https://repo.maven.apache.org/maven2/org/codehaus/plexus/plexus-containers/1.6/plexus-containers-1.6.pom
Progress (1): 2.2/3.8 kBProgress (1): 3.8 kB                        Downloaded from central: https://repo.maven.apache.org/maven2/org/codehaus/plexus/plexus-containers/1.6/plexus-containers-1.6.pom (3.8 kB at 23 kB/s)
Downloading from central: https://repo.maven.apache.org/maven2/org/codehaus/plexus/plexus/3.3.2/plexus-3.3.2.pom
Progress (1): 2.2/22 kBProgress (1): 5.0/22 kBProgress (1): 7.8/22 kBProgress (1): 11/22 kB Progress (1): 13/22 kBProgress (1): 16/22 kBProgress (1): 19/22 kBProgress (1): 21/22 kBProgress (1): 22 kB                      Downloaded from central: https://repo.maven.apache.org/maven2/org/codehaus/plexus/plexus/3.3.2/plexus-3.3.2.pom (22 kB at 128 kB/s)
Downloading from central: https://repo.maven.apache.org/maven2/org/apache/maven/maven-repository-metadata/3.3.9/maven-repository-metadata-3.3.9.pom
Progress (1): 1.9 kB                    Downloaded from central: https://repo.maven.apache.org/maven2/org/apache/maven/maven-repository-metadata/3.3.9/maven-repository-metadata-3.3.9.pom (1.9 kB at 6.5 kB/s)
Downloading from central: https://repo.maven.apache.org/maven2/org/apache/maven/maven-plugin-api/3.3.9/maven-plugin-api-3.3.9.pom
Progress (1): 2.2/2.7 kBProgress (1): 2.7 kB                        Downloaded from central: https://repo.maven.apache.org/maven2/org/apache/maven/maven-plugin-api/3.3.9/maven-plugin-api-3.3.9.pom (2.7 kB at 14 kB/s)
Downloading from central: https://repo.maven.apache.org/maven2/org/eclipse/sisu/org.eclipse.sisu.plexus/0.3.2/org.eclipse.sisu.plexus-0.3.2.pom
Progress (1): 2.2/4.2 kBProgress (1): 4.2 kB                        Downloaded from central: https://repo.maven.apache.org/maven2/org/eclipse/sisu/org.eclipse.sisu.plexus/0.3.2/org.eclipse.sisu.plexus-0.3.2.pom (4.2 kB at 25 kB/s)
Downloading from central: https://repo.maven.apache.org/maven2/org/eclipse/sisu/sisu-plexus/0.3.2/sisu-plexus-0.3.2.pom
Progress (1): 2.2/14 kBProgress (1): 5.0/14 kBProgress (1): 7.8/14 kBProgress (1): 11/14 kB Progress (1): 13/14 kBProgress (1): 14 kB                      Downloaded from central: https://repo.maven.apache.org/maven2/org/eclipse/sisu/sisu-plexus/0.3.2/sisu-plexus-0.3.2.pom (14 kB at 81 kB/s)
Downloading from central: https://repo.maven.apache.org/maven2/javax/enterprise/cdi-api/1.0/cdi-api-1.0.pom
Progress (1): 1.4 kB                    Downloaded from central: https://repo.maven.apache.org/maven2/javax/enterprise/cdi-api/1.0/cdi-api-1.0.pom (1.4 kB at 5.0 kB/s)
Downloading from central: https://repo.maven.apache.org/maven2/org/jboss/weld/weld-api-parent/1.0/weld-api-parent-1.0.pom
Progress (1): 2.2/2.4 kBProgress (1): 2.4 kB                        Downloaded from central: https://repo.maven.apache.org/maven2/org/jboss/weld/weld-api-parent/1.0/weld-api-parent-1.0.pom (2.4 kB at 14 kB/s)
Downloading from central: https://repo.maven.apache.org/maven2/org/jboss/weld/weld-api-bom/1.0/weld-api-bom-1.0.pom
Progress (1): 2.2/7.9 kBProgress (1): 5.0/7.9 kBProgress (1): 7.8/7.9 kBProgress (1): 7.9 kB                        Downloaded from central: https://repo.maven.apache.org/maven2/org/jboss/weld/weld-api-bom/1.0/weld-api-bom-1.0.pom (7.9 kB at 45 kB/s)
Downloading from central: https://repo.maven.apache.org/maven2/org/jboss/weld/weld-parent/6/weld-parent-6.pom
Progress (1): 2.2/21 kBProgress (1): 5.0/21 kBProgress (1): 7.8/21 kBProgress (1): 11/21 kB Progress (1): 13/21 kBProgress (1): 16/21 kBProgress (1): 19/21 kBProgress (1): 21 kB                      Downloaded from central: https://repo.maven.apache.org/maven2/org/jboss/weld/weld-parent/6/weld-parent-6.pom (21 kB at 71 kB/s)
Downloading from central: https://repo.maven.apache.org/maven2/javax/annotation/jsr250-api/1.0/jsr250-api-1.0.pom
Progress (1): 1.0 kB                    Downloaded from central: https://repo.maven.apache.org/maven2/javax/annotation/jsr250-api/1.0/jsr250-api-1.0.pom (1.0 kB at 6.0 kB/s)
Downloading from central: https://repo.maven.apache.org/maven2/javax/inject/javax.inject/1/javax.inject-1.pom
Progress (1): 612 B                   Downloaded from central: https://repo.maven.apache.org/maven2/javax/inject/javax.inject/1/javax.inject-1.pom (612 B at 3.8 kB/s)
Downloading from central: https://repo.maven.apache.org/maven2/org/eclipse/sisu/org.eclipse.sisu.inject/0.3.2/org.eclipse.sisu.inject-0.3.2.pom
Progress (1): 2.2/2.6 kBProgress (1): 2.6 kB                        Downloaded from central: https://repo.maven.apache.org/maven2/org/eclipse/sisu/org.eclipse.sisu.inject/0.3.2/org.eclipse.sisu.inject-0.3.2.pom (2.6 kB at 16 kB/s)
Downloading from central: https://repo.maven.apache.org/maven2/org/eclipse/sisu/sisu-inject/0.3.2/sisu-inject-0.3.2.pom
Progress (1): 2.2/14 kBProgress (1): 5.0/14 kBProgress (1): 7.8/14 kBProgress (1): 11/14 kB Progress (1): 13/14 kBProgress (1): 14 kB                      Downloaded from central: https://repo.maven.apache.org/maven2/org/eclipse/sisu/sisu-inject/0.3.2/sisu-inject-0.3.2.pom (14 kB at 195 kB/s)
Downloading from central: https://repo.maven.apache.org/maven2/org/codehaus/plexus/plexus-classworlds/2.5.2/plexus-classworlds-2.5.2.pom
Progress (1): 2.8/7.3 kBProgress (1): 5.5/7.3 kBProgress (1): 7.3 kB                        Downloaded from central: https://repo.maven.apache.org/maven2/org/codehaus/plexus/plexus-classworlds/2.5.2/plexus-classworlds-2.5.2.pom (7.3 kB at 124 kB/s)
Downloading from central: https://repo.maven.apache.org/maven2/org/codehaus/plexus/plexus-utils/3.0.17/plexus-utils-3.0.17.pom
Progress (1): 2.2/3.4 kBProgress (1): 3.4 kB                        Downloaded from central: https://repo.maven.apache.org/maven2/org/codehaus/plexus/plexus-utils/3.0.17/plexus-utils-3.0.17.pom (3.4 kB at 56 kB/s)
Downloading from central: https://repo.maven.apache.org/maven2/org/apache/maven/maven-model-builder/3.3.9/maven-model-builder-3.3.9.pom
Progress (1): 2.2/3.1 kBProgress (1): 3.1 kB                        Downloaded from central: https://repo.maven.apache.org/maven2/org/apache/maven/maven-model-builder/3.3.9/maven-model-builder-3.3.9.pom (3.1 kB at 55 kB/s)
Downloading from central: https://repo.maven.apache.org/maven2/com/google/guava/guava/18.0/guava-18.0.pom
Progress (1): 2.2/5.7 kBProgress (1): 5.0/5.7 kBProgress (1): 5.7 kB                        Downloaded from central: https://repo.maven.apache.org/maven2/com/google/guava/guava/18.0/guava-18.0.pom (5.7 kB at 68 kB/s)
Downloading from central: https://repo.maven.apache.org/maven2/com/google/guava/guava-parent/18.0/guava-parent-18.0.pom
Progress (1): 2.2/7.7 kBProgress (1): 5.0/7.7 kBProgress (1): 7.7 kB                        Downloaded from central: https://repo.maven.apache.org/maven2/com/google/guava/guava-parent/18.0/guava-parent-18.0.pom (7.7 kB at 122 kB/s)
Downloading from central: https://repo.maven.apache.org/maven2/org/apache/maven/maven-aether-provider/3.3.9/maven-aether-provider-3.3.9.pom
Progress (1): 2.2/4.0 kBProgress (1): 4.0 kB                        Downloaded from central: https://repo.maven.apache.org/maven2/org/apache/maven/maven-aether-provider/3.3.9/maven-aether-provider-3.3.9.pom (4.0 kB at 64 kB/s)
Downloading from central: https://repo.maven.apache.org/maven2/org/eclipse/aether/aether-api/1.0.2.v20150114/aether-api-1.0.2.v20150114.pom
Progress (1): 1.8 kB                    Downloaded from central: https://repo.maven.apache.org/maven2/org/eclipse/aether/aether-api/1.0.2.v20150114/aether-api-1.0.2.v20150114.pom (1.8 kB at 30 kB/s)
Downloading from central: https://repo.maven.apache.org/maven2/org/eclipse/aether/aether/1.0.2.v20150114/aether-1.0.2.v20150114.pom
Progress (1): 2.2/29 kBProgress (1): 5.0/29 kBProgress (1): 7.8/29 kBProgress (1): 11/29 kB Progress (1): 13/29 kBProgress (1): 16/29 kBProgress (1): 19/29 kBProgress (1): 21/29 kBProgress (1): 24/29 kBProgress (1): 27/29 kBProgress (1): 29 kB                      Downloaded from central: https://repo.maven.apache.org/maven2/org/eclipse/aether/aether/1.0.2.v20150114/aether-1.0.2.v20150114.pom (29 kB at 386 kB/s)
Downloading from central: https://repo.maven.apache.org/maven2/org/eclipse/aether/aether-spi/1.0.2.v20150114/aether-spi-1.0.2.v20150114.pom
Progress (1): 2.0 kB                    Downloaded from central: https://repo.maven.apache.org/maven2/org/eclipse/aether/aether-spi/1.0.2.v20150114/aether-spi-1.0.2.v20150114.pom (2.0 kB at 31 kB/s)
Downloading from central: https://repo.maven.apache.org/maven2/org/eclipse/aether/aether-util/1.0.2.v20150114/aether-util-1.0.2.v20150114.pom
Progress (1): 2.1 kB                    Downloaded from central: https://repo.maven.apache.org/maven2/org/eclipse/aether/aether-util/1.0.2.v20150114/aether-util-1.0.2.v20150114.pom (2.1 kB at 37 kB/s)
Downloading from central: https://repo.maven.apache.org/maven2/org/eclipse/aether/aether-impl/1.0.2.v20150114/aether-impl-1.0.2.v20150114.pom
Progress (1): 2.2/3.4 kBProgress (1): 3.4 kB                        Downloaded from central: https://repo.maven.apache.org/maven2/org/eclipse/aether/aether-impl/1.0.2.v20150114/aether-impl-1.0.2.v20150114.pom (3.4 kB at 44 kB/s)
Downloading from central: https://repo.maven.apache.org/maven2/com/google/inject/guice/4.0/guice-4.0.pom
Progress (1): 2.2/11 kBProgress (1): 5.0/11 kBProgress (1): 7.8/11 kBProgress (1): 11/11 kB Progress (1): 11 kB                      Downloaded from central: https://repo.maven.apache.org/maven2/com/google/inject/guice/4.0/guice-4.0.pom (11 kB at 159 kB/s)
Downloading from central: https://repo.maven.apache.org/maven2/com/google/inject/guice-parent/4.0/guice-parent-4.0.pom
Progress (1): 2.2/15 kBProgress (1): 5.0/15 kBProgress (1): 7.8/15 kBProgress (1): 11/15 kB Progress (1): 13/15 kBProgress (1): 15 kB                      Downloaded from central: https://repo.maven.apache.org/maven2/com/google/inject/guice-parent/4.0/guice-parent-4.0.pom (15 kB at 218 kB/s)
Downloading from central: https://repo.maven.apache.org/maven2/com/google/google/5/google-5.pom
Progress (1): 2.2/2.5 kBProgress (1): 2.5 kB                        Downloaded from central: https://repo.maven.apache.org/maven2/com/google/google/5/google-5.pom (2.5 kB at 42 kB/s)
Downloading from central: https://repo.maven.apache.org/maven2/aopalliance/aopalliance/1.0/aopalliance-1.0.pom
Progress (1): 363 B                   Downloaded from central: https://repo.maven.apache.org/maven2/aopalliance/aopalliance/1.0/aopalliance-1.0.pom (363 B at 4.0 kB/s)
Downloading from central: https://repo.maven.apache.org/maven2/com/google/guava/guava/16.0.1/guava-16.0.1.pom
Progress (1): 2.2/6.1 kBProgress (1): 5.0/6.1 kBProgress (1): 6.1 kB                        Downloaded from central: https://repo.maven.apache.org/maven2/com/google/guava/guava/16.0.1/guava-16.0.1.pom (6.1 kB at 82 kB/s)
Downloading from central: https://repo.maven.apache.org/maven2/com/google/guava/guava-parent/16.0.1/guava-parent-16.0.1.pom
Progress (1): 2.2/7.3 kBProgress (1): 5.0/7.3 kBProgress (1): 7.3 kB                        Downloaded from central: https://repo.maven.apache.org/maven2/com/google/guava/guava-parent/16.0.1/guava-parent-16.0.1.pom (7.3 kB at 95 kB/s)
Downloading from central: https://repo.maven.apache.org/maven2/org/apache/maven/shared/maven-common-artifact-filters/3.0.1/maven-common-artifact-filters-3.0.1.pom
Progress (1): 2.2/4.8 kBProgress (1): 4.8 kB                        Downloaded from central: https://repo.maven.apache.org/maven2/org/apache/maven/shared/maven-common-artifact-filters/3.0.1/maven-common-artifact-filters-3.0.1.pom (4.8 kB at 60 kB/s)
Downloading from central: https://repo.maven.apache.org/maven2/org/apache/maven/shared/maven-shared-utils/3.1.0/maven-shared-utils-3.1.0.pom
Progress (1): 2.2/5.0 kBProgress (1): 5.0 kB                        Downloaded from central: https://repo.maven.apache.org/maven2/org/apache/maven/shared/maven-shared-utils/3.1.0/maven-shared-utils-3.1.0.pom (5.0 kB at 74 kB/s)
Downloading from central: https://repo.maven.apache.org/maven2/org/apache/maven/plugins/maven-shade-plugin/3.2.1/maven-shade-plugin-3.2.1.pom
Progress (1): 2.2/9.3 kBProgress (1): 5.0/9.3 kBProgress (1): 7.8/9.3 kBProgress (1): 9.3 kB                        Downloaded from central: https://repo.maven.apache.org/maven2/org/apache/maven/plugins/maven-shade-plugin/3.2.1/maven-shade-plugin-3.2.1.pom (9.3 kB at 135 kB/s)
Downloading from central: https://repo.maven.apache.org/maven2/org/apache/maven/shared/maven-artifact-transfer/0.10.0/maven-artifact-transfer-0.10.0.pom
Progress (1): 2.2/12 kBProgress (1): 5.0/12 kBProgress (1): 7.8/12 kBProgress (1): 11/12 kB Progress (1): 12 kB                      Downloaded from central: https://repo.maven.apache.org/maven2/org/apache/maven/shared/maven-artifact-transfer/0.10.0/maven-artifact-transfer-0.10.0.pom (12 kB at 193 kB/s)
Downloading from central: https://repo.maven.apache.org/maven2/org/apache/maven/shared/maven-shared-components/31/maven-shared-components-31.pom
Progress (1): 2.2/5.1 kBProgress (1): 5.0/5.1 kBProgress (1): 5.1 kB                        Downloaded from central: https://repo.maven.apache.org/maven2/org/apache/maven/shared/maven-shared-components/31/maven-shared-components-31.pom (5.1 kB at 77 kB/s)
Downloading from central: https://repo.maven.apache.org/maven2/org/ow2/asm/asm/7.0/asm-7.0.pom
Progress (1): 2.2/2.9 kBProgress (1): 2.9 kB                        Downloaded from central: https://repo.maven.apache.org/maven2/org/ow2/asm/asm/7.0/asm-7.0.pom (2.9 kB at 38 kB/s)
Downloading from central: https://repo.maven.apache.org/maven2/org/ow2/asm/asm-commons/7.0/asm-commons-7.0.pom
Progress (1): 2.2/3.7 kBProgress (1): 3.7 kB                        Downloaded from central: https://repo.maven.apache.org/maven2/org/ow2/asm/asm-commons/7.0/asm-commons-7.0.pom (3.7 kB at 62 kB/s)
Downloading from central: https://repo.maven.apache.org/maven2/org/ow2/asm/asm-tree/7.0/asm-tree-7.0.pom
Progress (1): 2.2/3.1 kBProgress (1): 3.1 kB                        Downloaded from central: https://repo.maven.apache.org/maven2/org/ow2/asm/asm-tree/7.0/asm-tree-7.0.pom (3.1 kB at 55 kB/s)
Downloading from central: https://repo.maven.apache.org/maven2/org/ow2/asm/asm-analysis/7.0/asm-analysis-7.0.pom
Progress (1): 2.2/3.2 kBProgress (1): 3.2 kB                        Downloaded from central: https://repo.maven.apache.org/maven2/org/ow2/asm/asm-analysis/7.0/asm-analysis-7.0.pom (3.2 kB at 52 kB/s)
Downloading from central: https://repo.maven.apache.org/maven2/org/jdom/jdom2/2.0.6/jdom2-2.0.6.pom
Progress (1): 2.2/4.6 kBProgress (1): 4.6 kB                        Downloaded from central: https://repo.maven.apache.org/maven2/org/jdom/jdom2/2.0.6/jdom2-2.0.6.pom (4.6 kB at 60 kB/s)
Downloading from central: https://repo.maven.apache.org/maven2/org/apache/maven/shared/maven-dependency-tree/3.0.1/maven-dependency-tree-3.0.1.pom
Progress (1): 2.2/7.5 kBProgress (1): 5.0/7.5 kBProgress (1): 7.5 kB                        Downloaded from central: https://repo.maven.apache.org/maven2/org/apache/maven/shared/maven-dependency-tree/3.0.1/maven-dependency-tree-3.0.1.pom (7.5 kB at 110 kB/s)
Downloading from central: https://repo.maven.apache.org/maven2/org/eclipse/aether/aether-util/0.9.0.M2/aether-util-0.9.0.M2.pom
Progress (1): 2.0 kB                    Downloaded from central: https://repo.maven.apache.org/maven2/org/eclipse/aether/aether-util/0.9.0.M2/aether-util-0.9.0.M2.pom (2.0 kB at 31 kB/s)
Downloading from central: https://repo.maven.apache.org/maven2/org/eclipse/aether/aether/0.9.0.M2/aether-0.9.0.M2.pom
Progress (1): 2.2/28 kBProgress (1): 5.0/28 kBProgress (1): 7.8/28 kBProgress (1): 11/28 kB Progress (1): 13/28 kBProgress (1): 16/28 kBProgress (1): 19/28 kBProgress (1): 21/28 kBProgress (1): 24/28 kBProgress (1): 27/28 kBProgress (1): 28 kB                      Downloaded from central: https://repo.maven.apache.org/maven2/org/eclipse/aether/aether/0.9.0.M2/aether-0.9.0.M2.pom (28 kB at 422 kB/s)
Downloading from central: https://repo.maven.apache.org/maven2/org/vafer/jdependency/2.1.1/jdependency-2.1.1.pom
Progress (1): 2.2/11 kBProgress (1): 5.0/11 kBProgress (1): 7.8/11 kBProgress (1): 11/11 kB Progress (1): 11 kB                      Downloaded from central: https://repo.maven.apache.org/maven2/org/vafer/jdependency/2.1.1/jdependency-2.1.1.pom (11 kB at 173 kB/s)
Downloading from central: https://repo.maven.apache.org/maven2/org/ow2/asm/asm/7.0-beta/asm-7.0-beta.pom
Progress (1): 2.2/2.9 kBProgress (1): 2.9 kB                        Downloaded from central: https://repo.maven.apache.org/maven2/org/ow2/asm/asm/7.0-beta/asm-7.0-beta.pom (2.9 kB at 48 kB/s)
Downloading from central: https://repo.maven.apache.org/maven2/org/ow2/asm/asm-analysis/7.0-beta/asm-analysis-7.0-beta.pom
Progress (1): 2.2/3.2 kBProgress (1): 3.2 kB                        Downloaded from central: https://repo.maven.apache.org/maven2/org/ow2/asm/asm-analysis/7.0-beta/asm-analysis-7.0-beta.pom (3.2 kB at 47 kB/s)
Downloading from central: https://repo.maven.apache.org/maven2/org/ow2/asm/asm-tree/7.0-beta/asm-tree-7.0-beta.pom
Progress (1): 2.2/3.1 kBProgress (1): 3.1 kB                        Downloaded from central: https://repo.maven.apache.org/maven2/org/ow2/asm/asm-tree/7.0-beta/asm-tree-7.0-beta.pom (3.1 kB at 45 kB/s)
Downloading from central: https://repo.maven.apache.org/maven2/org/ow2/asm/asm-commons/7.0-beta/asm-commons-7.0-beta.pom
Progress (1): 2.2/3.7 kBProgress (1): 3.7 kB                        Downloaded from central: https://repo.maven.apache.org/maven2/org/ow2/asm/asm-commons/7.0-beta/asm-commons-7.0-beta.pom (3.7 kB at 53 kB/s)
Downloading from central: https://repo.maven.apache.org/maven2/org/ow2/asm/asm-util/7.0-beta/asm-util-7.0-beta.pom
Progress (1): 2.2/3.7 kBProgress (1): 3.7 kB                        Downloaded from central: https://repo.maven.apache.org/maven2/org/ow2/asm/asm-util/7.0-beta/asm-util-7.0-beta.pom (3.7 kB at 68 kB/s)
Downloading from central: https://repo.maven.apache.org/maven2/com/google/guava/guava/19.0/guava-19.0.pom
Progress (1): 2.2/6.8 kBProgress (1): 5.0/6.8 kBProgress (1): 6.8 kB                        Downloaded from central: https://repo.maven.apache.org/maven2/com/google/guava/guava/19.0/guava-19.0.pom (6.8 kB at 81 kB/s)
Downloading from central: https://repo.maven.apache.org/maven2/com/google/guava/guava-parent/19.0/guava-parent-19.0.pom
Progress (1): 2.2/9.9 kBProgress (1): 5.0/9.9 kBProgress (1): 7.8/9.9 kBProgress (1): 9.9 kB                        Downloaded from central: https://repo.maven.apache.org/maven2/com/google/guava/guava-parent/19.0/guava-parent-19.0.pom (9.9 kB at 150 kB/s)
Downloading from central: https://repo.maven.apache.org/maven2/org/springframework/boot/spring-boot-loader-tools/2.1.5.RELEASE/spring-boot-loader-tools-2.1.5.RELEASE.jar
Downloading from central: https://repo.maven.apache.org/maven2/org/apache/maven/maven-archiver/3.2.0/maven-archiver-3.2.0.jar
Downloading from central: https://repo.maven.apache.org/maven2/org/apache/maven/shared/maven-shared-utils/3.2.0/maven-shared-utils-3.2.0.jar
Downloading from central: https://repo.maven.apache.org/maven2/org/codehaus/plexus/plexus-interpolation/1.22/plexus-interpolation-1.22.jar
Downloading from central: https://repo.maven.apache.org/maven2/org/apache/maven/maven-artifact/3.3.9/maven-artifact-3.3.9.jar
Progress (1): 2.2/149 kBProgress (1): 5.0/149 kBProgress (1): 7.7/149 kBProgress (1): 10/149 kB Progress (1): 13/149 kBProgress (1): 16/149 kBProgress (1): 19/149 kBProgress (1): 21/149 kBProgress (1): 24/149 kBProgress (1): 27/149 kBProgress (1): 30/149 kBProgress (1): 32/149 kBProgress (1): 36/149 kBProgress (1): 40/149 kBProgress (1): 45/149 kBProgress (1): 49/149 kBProgress (1): 53/149 kBProgress (1): 57/149 kBProgress (2): 57/149 kB | 2.2/55 kBProgress (2): 57/149 kB | 5.0/55 kBProgress (2): 57/149 kB | 7.7/55 kBProgress (2): 57/149 kB | 10/55 kB Progress (2): 57/149 kB | 13/55 kBProgress (2): 57/149 kB | 16/55 kBProgress (2): 57/149 kB | 19/55 kBProgress (2): 57/149 kB | 21/55 kBProgress (2): 57/149 kB | 24/55 kBProgress (2): 57/149 kB | 27/55 kBProgress (2): 57/149 kB | 30/55 kBProgress (2): 57/149 kB | 32/55 kBProgress (2): 61/149 kB | 32/55 kBProgress (2): 65/149 kB | 32/55 kBProgress (2): 65/149 kB | 36/55 kBProgress (2): 69/149 kB | 36/55 kBProgress (2): 69/149 kB | 40/55 kBProgress (2): 73/149 kB | 40/55 kBProgress (2): 73/149 kB | 45/55 kBProgress (2): 77/149 kB | 45/55 kBProgress (2): 77/149 kB | 49/55 kBProgress (2): 81/149 kB | 49/55 kBProgress (2): 81/149 kB | 53/55 kBProgress (2): 85/149 kB | 53/55 kBProgress (2): 85/149 kB | 55 kB   Progress (2): 90/149 kB | 55 kBProgress (2): 94/149 kB | 55 kBProgress (2): 98/149 kB | 55 kBProgress (2): 102/149 kB | 55 kBProgress (2): 106/149 kB | 55 kBProgress (2): 110/149 kB | 55 kBProgress (2): 114/149 kB | 55 kBProgress (2): 118/149 kB | 55 kBProgress (2): 122/149 kB | 55 kBProgress (2): 126/149 kB | 55 kBProgress (2): 131/149 kB | 55 kBProgress (2): 135/149 kB | 55 kBProgress (2): 139/149 kB | 55 kBProgress (2): 143/149 kB | 55 kBProgress (2): 147/149 kB | 55 kBProgress (2): 149 kB | 55 kB                                Downloaded from central: https://repo.maven.apache.org/maven2/org/springframework/boot/spring-boot-loader-tools/2.1.5.RELEASE/spring-boot-loader-tools-2.1.5.RELEASE.jar (149 kB at 1.1 MB/s)
Downloading from central: https://repo.maven.apache.org/maven2/org/apache/commons/commons-lang3/3.8.1/commons-lang3-3.8.1.jar
Progress (2): 55 kB | 2.8/24 kBProgress (2): 55 kB | 5.5/24 kB                               Downloaded from central: https://repo.maven.apache.org/maven2/org/apache/maven/maven-artifact/3.3.9/maven-artifact-3.3.9.jar (55 kB at 396 kB/s)
Downloading from central: https://repo.maven.apache.org/maven2/org/apache/maven/maven-core/3.3.9/maven-core-3.3.9.jar
Progress (2): 5.5/24 kB | 2.2/165 kBProgress (2): 5.5/24 kB | 5.0/165 kBProgress (2): 8.3/24 kB | 5.0/165 kBProgress (2): 8.3/24 kB | 7.7/165 kBProgress (2): 11/24 kB | 7.7/165 kB Progress (2): 11/24 kB | 10/165 kB Progress (3): 11/24 kB | 10/165 kB | 2.2/77 kBProgress (3): 11/24 kB | 13/165 kB | 2.2/77 kBProgress (3): 14/24 kB | 13/165 kB | 2.2/77 kBProgress (3): 16/24 kB | 13/165 kB | 2.2/77 kBProgress (3): 16/24 kB | 13/165 kB | 5.0/77 kBProgress (3): 16/24 kB | 16/165 kB | 5.0/77 kBProgress (3): 16/24 kB | 16/165 kB | 7.7/77 kBProgress (3): 16/24 kB | 19/165 kB | 7.7/77 kBProgress (3): 19/24 kB | 19/165 kB | 7.7/77 kBProgress (3): 19/24 kB | 19/165 kB | 10/77 kB Progress (3): 19/24 kB | 21/165 kB | 10/77 kBProgress (3): 19/24 kB | 21/165 kB | 13/77 kBProgress (3): 19/24 kB | 24/165 kB | 13/77 kBProgress (3): 19/24 kB | 24/165 kB | 16/77 kBProgress (3): 19/24 kB | 27/165 kB | 16/77 kBProgress (3): 19/24 kB | 27/165 kB | 19/77 kBProgress (3): 19/24 kB | 30/165 kB | 19/77 kBProgress (3): 22/24 kB | 30/165 kB | 19/77 kBProgress (3): 24 kB | 30/165 kB | 19/77 kB   Progress (3): 24 kB | 30/165 kB | 21/77 kBProgress (3): 24 kB | 32/165 kB | 21/77 kBProgress (3): 24 kB | 32/165 kB | 24/77 kBProgress (3): 24 kB | 32/165 kB | 27/77 kBProgress (3): 24 kB | 36/165 kB | 27/77 kBProgress (3): 24 kB | 40/165 kB | 27/77 kBProgress (3): 24 kB | 45/165 kB | 27/77 kBProgress (3): 24 kB | 49/165 kB | 27/77 kBProgress (4): 24 kB | 49/165 kB | 27/77 kB | 4.1/502 kBProgress (4): 24 kB | 49/165 kB | 27/77 kB | 7.7/502 kBProgress (4): 24 kB | 49/165 kB | 27/77 kB | 12/502 kB Progress (4): 24 kB | 49/165 kB | 27/77 kB | 16/502 kBProgress (4): 24 kB | 49/165 kB | 27/77 kB | 20/502 kBProgress (4): 24 kB | 49/165 kB | 27/77 kB | 24/502 kBProgress (4): 24 kB | 49/165 kB | 27/77 kB | 28/502 kBProgress (4): 24 kB | 49/165 kB | 27/77 kB | 32/502 kBProgress (4): 24 kB | 49/165 kB | 27/77 kB | 36/502 kBProgress (4): 24 kB | 49/165 kB | 27/77 kB | 40/502 kBProgress (4): 24 kB | 49/165 kB | 27/77 kB | 45/502 kBProgress (4): 24 kB | 49/165 kB | 27/77 kB | 49/502 kBProgress (4): 24 kB | 49/165 kB | 27/77 kB | 53/502 kBProgress (4): 24 kB | 49/165 kB | 27/77 kB | 57/502 kBProgress (4): 24 kB | 49/165 kB | 27/77 kB | 61/502 kBProgress (4): 24 kB | 49/165 kB | 27/77 kB | 65/502 kBProgress (4): 24 kB | 49/165 kB | 27/77 kB | 69/502 kBProgress (4): 24 kB | 49/165 kB | 27/77 kB | 73/502 kBProgress (4): 24 kB | 49/165 kB | 27/77 kB | 77/502 kBProgress (4): 24 kB | 49/165 kB | 27/77 kB | 81/502 kBProgress (4): 24 kB | 49/165 kB | 27/77 kB | 85/502 kBProgress (4): 24 kB | 49/165 kB | 27/77 kB | 90/502 kBProgress (4): 24 kB | 49/165 kB | 27/77 kB | 94/502 kBProgress (4): 24 kB | 49/165 kB | 27/77 kB | 98/502 kBProgress (4): 24 kB | 49/165 kB | 27/77 kB | 102/502 kBProgress (4): 24 kB | 49/165 kB | 27/77 kB | 106/502 kBProgress (4): 24 kB | 49/165 kB | 27/77 kB | 110/502 kBProgress (4): 24 kB | 49/165 kB | 27/77 kB | 114/502 kBProgress (4): 24 kB | 49/165 kB | 27/77 kB | 118/502 kBProgress (4): 24 kB | 49/165 kB | 27/77 kB | 122/502 kBProgress (4): 24 kB | 49/165 kB | 27/77 kB | 126/502 kBProgress (4): 24 kB | 49/165 kB | 27/77 kB | 131/502 kBProgress (4): 24 kB | 49/165 kB | 27/77 kB | 135/502 kBProgress (4): 24 kB | 49/165 kB | 27/77 kB | 139/502 kBProgress (4): 24 kB | 49/165 kB | 27/77 kB | 143/502 kBProgress (4): 24 kB | 49/165 kB | 27/77 kB | 147/502 kBProgress (4): 24 kB | 49/165 kB | 27/77 kB | 151/502 kBProgress (4): 24 kB | 49/165 kB | 27/77 kB | 155/502 kBProgress (4): 24 kB | 49/165 kB | 27/77 kB | 159/502 kBProgress (4): 24 kB | 49/165 kB | 27/77 kB | 163/502 kBProgress (4): 24 kB | 49/165 kB | 27/77 kB | 167/502 kBProgress (4): 24 kB | 49/165 kB | 27/77 kB | 171/502 kBProgress (4): 24 kB | 49/165 kB | 27/77 kB | 176/502 kBProgress (4): 24 kB | 49/165 kB | 27/77 kB | 180/502 kBProgress (4): 24 kB | 49/165 kB | 27/77 kB | 184/502 kBProgress (4): 24 kB | 49/165 kB | 27/77 kB | 188/502 kBProgress (4): 24 kB | 49/165 kB | 27/77 kB | 192/502 kBProgress (4): 24 kB | 49/165 kB | 27/77 kB | 196/502 kBProgress (4): 24 kB | 49/165 kB | 27/77 kB | 200/502 kBProgress (4): 24 kB | 49/165 kB | 27/77 kB | 204/502 kBProgress (4): 24 kB | 49/165 kB | 27/77 kB | 208/502 kBProgress (4): 24 kB | 49/165 kB | 27/77 kB | 212/502 kBProgress (4): 24 kB | 49/165 kB | 27/77 kB | 217/502 kBProgress (4): 24 kB | 49/165 kB | 27/77 kB | 221/502 kBProgress (4): 24 kB | 49/165 kB | 30/77 kB | 221/502 kBProgress (4): 24 kB | 49/165 kB | 32/77 kB | 221/502 kBProgress (4): 24 kB | 49/165 kB | 32/77 kB | 225/502 kBProgress (4): 24 kB | 49/165 kB | 32/77 kB | 229/502 kBProgress (4): 24 kB | 53/165 kB | 32/77 kB | 229/502 kBProgress (4): 24 kB | 57/165 kB | 32/77 kB | 229/502 kBProgress (4): 24 kB | 57/165 kB | 32/77 kB | 233/502 kBProgress (4): 24 kB | 61/165 kB | 32/77 kB | 233/502 kBProgress (4): 24 kB | 65/165 kB | 32/77 kB | 233/502 kBProgress (4): 24 kB | 65/165 kB | 32/77 kB | 237/502 kBProgress (4): 24 kB | 65/165 kB | 32/77 kB | 241/502 kBProgress (4): 24 kB | 65/165 kB | 32/77 kB | 245/502 kBProgress (4): 24 kB | 65/165 kB | 32/77 kB | 249/502 kBProgress (4): 24 kB | 65/165 kB | 32/77 kB | 253/502 kBProgress (4): 24 kB | 65/165 kB | 32/77 kB | 258/502 kBProgress (4): 24 kB | 65/165 kB | 32/77 kB | 262/502 kBProgress (4): 24 kB | 65/165 kB | 32/77 kB | 266/502 kBProgress (4): 24 kB | 65/165 kB | 32/77 kB | 270/502 kBProgress (4): 24 kB | 65/165 kB | 32/77 kB | 274/502 kBProgress (4): 24 kB | 65/165 kB | 32/77 kB | 278/502 kBProgress (4): 24 kB | 65/165 kB | 36/77 kB | 278/502 kBProgress (4): 24 kB | 65/165 kB | 40/77 kB | 278/502 kBProgress (4): 24 kB | 65/165 kB | 45/77 kB | 278/502 kBProgress (4): 24 kB | 65/165 kB | 49/77 kB | 278/502 kBProgress (5): 24 kB | 65/165 kB | 49/77 kB | 278/502 kB | 4.1/638 kBProgress (5): 24 kB | 65/165 kB | 49/77 kB | 278/502 kB | 7.7/638 kBProgress (5): 24 kB | 65/165 kB | 49/77 kB | 278/502 kB | 12/638 kB Progress (5): 24 kB | 65/165 kB | 49/77 kB | 278/502 kB | 16/638 kBProgress (5): 24 kB | 65/165 kB | 49/77 kB | 278/502 kB | 20/638 kBProgress (5): 24 kB | 65/165 kB | 49/77 kB | 278/502 kB | 24/638 kBProgress (5): 24 kB | 65/165 kB | 49/77 kB | 278/502 kB | 28/638 kBProgress (5): 24 kB | 65/165 kB | 49/77 kB | 278/502 kB | 32/638 kBProgress (5): 24 kB | 65/165 kB | 49/77 kB | 278/502 kB | 36/638 kBProgress (5): 24 kB | 65/165 kB | 49/77 kB | 278/502 kB | 40/638 kBProgress (5): 24 kB | 65/165 kB | 49/77 kB | 278/502 kB | 45/638 kBProgress (5): 24 kB | 65/165 kB | 49/77 kB | 278/502 kB | 49/638 kBProgress (5): 24 kB | 65/165 kB | 49/77 kB | 278/502 kB | 53/638 kBProgress (5): 24 kB | 65/165 kB | 49/77 kB | 278/502 kB | 57/638 kBProgress (5): 24 kB | 65/165 kB | 49/77 kB | 278/502 kB | 61/638 kBProgress (5): 24 kB | 65/165 kB | 49/77 kB | 278/502 kB | 65/638 kBProgress (5): 24 kB | 65/165 kB | 49/77 kB | 278/502 kB | 69/638 kBProgress (5): 24 kB | 65/165 kB | 49/77 kB | 278/502 kB | 73/638 kBProgress (5): 24 kB | 65/165 kB | 49/77 kB | 278/502 kB | 77/638 kBProgress (5): 24 kB | 65/165 kB | 49/77 kB | 278/502 kB | 81/638 kBProgress (5): 24 kB | 65/165 kB | 49/77 kB | 278/502 kB | 85/638 kBProgress (5): 24 kB | 65/165 kB | 49/77 kB | 278/502 kB | 90/638 kBProgress (5): 24 kB | 65/165 kB | 49/77 kB | 278/502 kB | 94/638 kBProgress (5): 24 kB | 65/165 kB | 49/77 kB | 278/502 kB | 98/638 kBProgress (5): 24 kB | 65/165 kB | 49/77 kB | 278/502 kB | 102/638 kBProgress (5): 24 kB | 65/165 kB | 49/77 kB | 278/502 kB | 106/638 kBProgress (5): 24 kB | 65/165 kB | 49/77 kB | 278/502 kB | 110/638 kBProgress (5): 24 kB | 65/165 kB | 49/77 kB | 278/502 kB | 114/638 kBProgress (5): 24 kB | 65/165 kB | 49/77 kB | 278/502 kB | 118/638 kBProgress (5): 24 kB | 65/165 kB | 49/77 kB | 278/502 kB | 122/638 kBProgress (5): 24 kB | 65/165 kB | 49/77 kB | 278/502 kB | 126/638 kBProgress (5): 24 kB | 65/165 kB | 49/77 kB | 282/502 kB | 126/638 kBProgress (5): 24 kB | 65/165 kB | 49/77 kB | 286/502 kB | 126/638 kBProgress (5): 24 kB | 65/165 kB | 49/77 kB | 290/502 kB | 126/638 kBProgress (5): 24 kB | 65/165 kB | 49/77 kB | 294/502 kB | 126/638 kBProgress (5): 24 kB | 69/165 kB | 49/77 kB | 294/502 kB | 126/638 kBProgress (5): 24 kB | 69/165 kB | 49/77 kB | 294/502 kB | 131/638 kBProgress (5): 24 kB | 69/165 kB | 49/77 kB | 298/502 kB | 131/638 kBProgress (5): 24 kB | 73/165 kB | 49/77 kB | 298/502 kB | 131/638 kBProgress (5): 24 kB | 77/165 kB | 49/77 kB | 298/502 kB | 131/638 kBProgress (5): 24 kB | 81/165 kB | 49/77 kB | 298/502 kB | 131/638 kBProgress (5): 24 kB | 81/165 kB | 49/77 kB | 303/502 kB | 131/638 kBProgress (5): 24 kB | 81/165 kB | 49/77 kB | 307/502 kB | 131/638 kBProgress (5): 24 kB | 81/165 kB | 49/77 kB | 311/502 kB | 131/638 kBProgress (5): 24 kB | 81/165 kB | 49/77 kB | 315/502 kB | 131/638 kBProgress (5): 24 kB | 81/165 kB | 49/77 kB | 319/502 kB | 131/638 kBProgress (5): 24 kB | 81/165 kB | 49/77 kB | 323/502 kB | 131/638 kBProgress (5): 24 kB | 81/165 kB | 49/77 kB | 327/502 kB | 131/638 kBProgress (5): 24 kB | 81/165 kB | 49/77 kB | 331/502 kB | 131/638 kBProgress (5): 24 kB | 81/165 kB | 49/77 kB | 335/502 kB | 131/638 kBProgress (5): 24 kB | 81/165 kB | 49/77 kB | 339/502 kB | 131/638 kBProgress (5): 24 kB | 81/165 kB | 49/77 kB | 344/502 kB | 131/638 kBProgress (5): 24 kB | 81/165 kB | 49/77 kB | 348/502 kB | 131/638 kBProgress (5): 24 kB | 81/165 kB | 53/77 kB | 348/502 kB | 131/638 kBProgress (5): 24 kB | 85/165 kB | 53/77 kB | 348/502 kB | 131/638 kBProgress (5): 24 kB | 90/165 kB | 53/77 kB | 348/502 kB | 131/638 kBProgress (5): 24 kB | 94/165 kB | 53/77 kB | 348/502 kB | 131/638 kBProgress (5): 24 kB | 98/165 kB | 53/77 kB | 348/502 kB | 131/638 kBProgress (5): 24 kB | 102/165 kB | 53/77 kB | 348/502 kB | 131/638 kBProgress (5): 24 kB | 106/165 kB | 53/77 kB | 348/502 kB | 131/638 kBProgress (5): 24 kB | 110/165 kB | 53/77 kB | 348/502 kB | 131/638 kBProgress (5): 24 kB | 114/165 kB | 53/77 kB | 348/502 kB | 131/638 kBProgress (5): 24 kB | 118/165 kB | 53/77 kB | 348/502 kB | 131/638 kBProgress (5): 24 kB | 122/165 kB | 53/77 kB | 348/502 kB | 131/638 kBProgress (5): 24 kB | 126/165 kB | 53/77 kB | 348/502 kB | 131/638 kBProgress (5): 24 kB | 131/165 kB | 53/77 kB | 348/502 kB | 131/638 kBProgress (5): 24 kB | 135/165 kB | 53/77 kB | 348/502 kB | 131/638 kBProgress (5): 24 kB | 139/165 kB | 53/77 kB | 348/502 kB | 131/638 kBProgress (5): 24 kB | 143/165 kB | 53/77 kB | 348/502 kB | 131/638 kBProgress (5): 24 kB | 147/165 kB | 53/77 kB | 348/502 kB | 131/638 kBProgress (5): 24 kB | 147/165 kB | 53/77 kB | 352/502 kB | 131/638 kBProgress (5): 24 kB | 147/165 kB | 57/77 kB | 352/502 kB | 131/638 kBProgress (5): 24 kB | 147/165 kB | 57/77 kB | 352/502 kB | 135/638 kB                                                                     Downloaded from central: https://repo.maven.apache.org/maven2/org/apache/maven/maven-archiver/3.2.0/maven-archiver-3.2.0.jar (24 kB at 100 kB/s)
Downloading from central: https://repo.maven.apache.org/maven2/org/apache/maven/maven-settings-builder/3.3.9/maven-settings-builder-3.3.9.jar
Progress (4): 147/165 kB | 57/77 kB | 352/502 kB | 139/638 kBProgress (4): 147/165 kB | 57/77 kB | 356/502 kB | 139/638 kBProgress (4): 147/165 kB | 61/77 kB | 356/502 kB | 139/638 kBProgress (4): 147/165 kB | 61/77 kB | 360/502 kB | 139/638 kBProgress (4): 147/165 kB | 61/77 kB | 360/502 kB | 143/638 kBProgress (4): 147/165 kB | 61/77 kB | 364/502 kB | 143/638 kBProgress (4): 147/165 kB | 65/77 kB | 364/502 kB | 143/638 kBProgress (4): 147/165 kB | 65/77 kB | 368/502 kB | 143/638 kBProgress (4): 147/165 kB | 65/77 kB | 372/502 kB | 143/638 kBProgress (4): 147/165 kB | 65/77 kB | 376/502 kB | 143/638 kBProgress (4): 147/165 kB | 65/77 kB | 376/502 kB | 147/638 kBProgress (4): 147/165 kB | 65/77 kB | 380/502 kB | 147/638 kBProgress (4): 147/165 kB | 69/77 kB | 380/502 kB | 147/638 kBProgress (4): 147/165 kB | 69/77 kB | 384/502 kB | 147/638 kBProgress (4): 147/165 kB | 73/77 kB | 384/502 kB | 147/638 kBProgress (4): 147/165 kB | 77 kB | 384/502 kB | 147/638 kB   Progress (4): 147/165 kB | 77 kB | 389/502 kB | 147/638 kBProgress (4): 147/165 kB | 77 kB | 393/502 kB | 147/638 kBProgress (4): 147/165 kB | 77 kB | 397/502 kB | 147/638 kBProgress (4): 147/165 kB | 77 kB | 401/502 kB | 147/638 kBProgress (4): 147/165 kB | 77 kB | 405/502 kB | 147/638 kBProgress (4): 147/165 kB | 77 kB | 409/502 kB | 147/638 kBProgress (4): 147/165 kB | 77 kB | 413/502 kB | 147/638 kBProgress (4): 151/165 kB | 77 kB | 413/502 kB | 147/638 kBProgress (4): 155/165 kB | 77 kB | 413/502 kB | 147/638 kBProgress (4): 155/165 kB | 77 kB | 417/502 kB | 147/638 kBProgress (4): 159/165 kB | 77 kB | 417/502 kB | 147/638 kBProgress (4): 163/165 kB | 77 kB | 417/502 kB | 147/638 kBProgress (4): 165 kB | 77 kB | 417/502 kB | 147/638 kB    Progress (4): 165 kB | 77 kB | 417/502 kB | 151/638 kBProgress (4): 165 kB | 77 kB | 421/502 kB | 151/638 kBProgress (4): 165 kB | 77 kB | 421/502 kB | 155/638 kBProgress (4): 165 kB | 77 kB | 425/502 kB | 155/638 kBProgress (4): 165 kB | 77 kB | 430/502 kB | 155/638 kBProgress (4): 165 kB | 77 kB | 430/502 kB | 159/638 kBProgress (4): 165 kB | 77 kB | 434/502 kB | 159/638 kBProgress (4): 165 kB | 77 kB | 438/502 kB | 159/638 kBProgress (4): 165 kB | 77 kB | 438/502 kB | 163/638 kBProgress (4): 165 kB | 77 kB | 442/502 kB | 163/638 kBProgress (4): 165 kB | 77 kB | 442/502 kB | 167/638 kBProgress (4): 165 kB | 77 kB | 446/502 kB | 167/638 kBProgress (4): 165 kB | 77 kB | 450/502 kB | 167/638 kBProgress (4): 165 kB | 77 kB | 450/502 kB | 171/638 kBProgress (4): 165 kB | 77 kB | 454/502 kB | 171/638 kBProgress (4): 165 kB | 77 kB | 458/502 kB | 171/638 kBProgress (4): 165 kB | 77 kB | 458/502 kB | 176/638 kBProgress (4): 165 kB | 77 kB | 462/502 kB | 176/638 kBProgress (4): 165 kB | 77 kB | 466/502 kB | 176/638 kBProgress (4): 165 kB | 77 kB | 466/502 kB | 180/638 kBProgress (4): 165 kB | 77 kB | 470/502 kB | 180/638 kBProgress (4): 165 kB | 77 kB | 475/502 kB | 180/638 kBProgress (4): 165 kB | 77 kB | 475/502 kB | 184/638 kBProgress (4): 165 kB | 77 kB | 479/502 kB | 184/638 kBProgress (4): 165 kB | 77 kB | 483/502 kB | 184/638 kBProgress (4): 165 kB | 77 kB | 483/502 kB | 188/638 kBProgress (5): 165 kB | 77 kB | 483/502 kB | 188/638 kB | 2.8/43 kBProgress (5): 165 kB | 77 kB | 483/502 kB | 188/638 kB | 5.5/43 kBProgress (5): 165 kB | 77 kB | 487/502 kB | 188/638 kB | 5.5/43 kBProgress (5): 165 kB | 77 kB | 487/502 kB | 192/638 kB | 5.5/43 kBProgress (5): 165 kB | 77 kB | 487/502 kB | 192/638 kB | 8.3/43 kBProgress (5): 165 kB | 77 kB | 487/502 kB | 192/638 kB | 11/43 kB Progress (5): 165 kB | 77 kB | 487/502 kB | 192/638 kB | 14/43 kBProgress (5): 165 kB | 77 kB | 487/502 kB | 192/638 kB | 16/43 kBProgress (5): 165 kB | 77 kB | 487/502 kB | 192/638 kB | 19/43 kBProgress (5): 165 kB | 77 kB | 491/502 kB | 192/638 kB | 19/43 kBProgress (5): 165 kB | 77 kB | 491/502 kB | 196/638 kB | 19/43 kBProgress (5): 165 kB | 77 kB | 491/502 kB | 200/638 kB | 19/43 kBProgress (5): 165 kB | 77 kB | 491/502 kB | 204/638 kB | 19/43 kBProgress (5): 165 kB | 77 kB | 495/502 kB | 204/638 kB | 19/43 kBProgress (5): 165 kB | 77 kB | 499/502 kB | 204/638 kB | 19/43 kBProgress (5): 165 kB | 77 kB | 502 kB | 204/638 kB | 19/43 kB    Progress (5): 165 kB | 77 kB | 502 kB | 208/638 kB | 19/43 kBProgress (5): 165 kB | 77 kB | 502 kB | 212/638 kB | 19/43 kBProgress (5): 165 kB | 77 kB | 502 kB | 212/638 kB | 22/43 kBProgress (5): 165 kB | 77 kB | 502 kB | 212/638 kB | 25/43 kBProgress (5): 165 kB | 77 kB | 502 kB | 217/638 kB | 25/43 kBProgress (5): 165 kB | 77 kB | 502 kB | 221/638 kB | 25/43 kB                                                             Downloaded from central: https://repo.maven.apache.org/maven2/org/codehaus/plexus/plexus-interpolation/1.22/plexus-interpolation-1.22.jar (77 kB at 276 kB/s)
Progress (4): 165 kB | 502 kB | 221/638 kB | 27/43 kB                                                     Downloading from central: https://repo.maven.apache.org/maven2/org/apache/maven/maven-builder-support/3.3.9/maven-builder-support-3.3.9.jar
Progress (4): 165 kB | 502 kB | 221/638 kB | 30/43 kBProgress (4): 165 kB | 502 kB | 221/638 kB | 33/43 kBProgress (4): 165 kB | 502 kB | 225/638 kB | 33/43 kBProgress (4): 165 kB | 502 kB | 225/638 kB | 37/43 kBProgress (4): 165 kB | 502 kB | 229/638 kB | 37/43 kBProgress (4): 165 kB | 502 kB | 229/638 kB | 41/43 kBProgress (4): 165 kB | 502 kB | 229/638 kB | 43 kB   Progress (4): 165 kB | 502 kB | 233/638 kB | 43 kBProgress (4): 165 kB | 502 kB | 237/638 kB | 43 kBProgress (4): 165 kB | 502 kB | 241/638 kB | 43 kBProgress (4): 165 kB | 502 kB | 245/638 kB | 43 kBProgress (4): 165 kB | 502 kB | 249/638 kB | 43 kB                                                  Downloaded from central: https://repo.maven.apache.org/maven2/org/apache/maven/shared/maven-shared-utils/3.2.0/maven-shared-utils-3.2.0.jar (165 kB at 564 kB/s)
Downloading from central: https://repo.maven.apache.org/maven2/org/apache/maven/maven-repository-metadata/3.3.9/maven-repository-metadata-3.3.9.jar
Progress (3): 502 kB | 253/638 kB | 43 kBProgress (3): 502 kB | 258/638 kB | 43 kBProgress (3): 502 kB | 262/638 kB | 43 kBProgress (3): 502 kB | 266/638 kB | 43 kBProgress (3): 502 kB | 270/638 kB | 43 kBProgress (3): 502 kB | 274/638 kB | 43 kBProgress (3): 502 kB | 278/638 kB | 43 kBProgress (3): 502 kB | 282/638 kB | 43 kBProgress (3): 502 kB | 286/638 kB | 43 kBProgress (3): 502 kB | 290/638 kB | 43 kBProgress (3): 502 kB | 294/638 kB | 43 kBProgress (3): 502 kB | 298/638 kB | 43 kBProgress (3): 502 kB | 303/638 kB | 43 kBProgress (3): 502 kB | 307/638 kB | 43 kBProgress (3): 502 kB | 311/638 kB | 43 kBProgress (3): 502 kB | 315/638 kB | 43 kBProgress (3): 502 kB | 319/638 kB | 43 kBProgress (3): 502 kB | 323/638 kB | 43 kBProgress (3): 502 kB | 327/638 kB | 43 kBProgress (3): 502 kB | 331/638 kB | 43 kBProgress (3): 502 kB | 335/638 kB | 43 kBProgress (3): 502 kB | 339/638 kB | 43 kBProgress (3): 502 kB | 344/638 kB | 43 kBProgress (3): 502 kB | 348/638 kB | 43 kBProgress (3): 502 kB | 352/638 kB | 43 kBProgress (3): 502 kB | 356/638 kB | 43 kBProgress (3): 502 kB | 360/638 kB | 43 kB                                         Downloaded from central: https://repo.maven.apache.org/maven2/org/apache/commons/commons-lang3/3.8.1/commons-lang3-3.8.1.jar (502 kB at 1.6 MB/s)
Downloading from central: https://repo.maven.apache.org/maven2/org/apache/maven/maven-model-builder/3.3.9/maven-model-builder-3.3.9.jar
Progress (2): 364/638 kB | 43 kBProgress (2): 368/638 kB | 43 kBProgress (2): 372/638 kB | 43 kBProgress (3): 372/638 kB | 43 kB | 4.1/15 kBProgress (3): 372/638 kB | 43 kB | 7.7/15 kBProgress (3): 372/638 kB | 43 kB | 12/15 kB Progress (3): 372/638 kB | 43 kB | 15 kB   Progress (3): 376/638 kB | 43 kB | 15 kBProgress (3): 380/638 kB | 43 kB | 15 kBProgress (3): 384/638 kB | 43 kB | 15 kBProgress (3): 389/638 kB | 43 kB | 15 kBProgress (3): 393/638 kB | 43 kB | 15 kB                                        Downloaded from central: https://repo.maven.apache.org/maven2/org/apache/maven/maven-settings-builder/3.3.9/maven-settings-builder-3.3.9.jar (43 kB at 137 kB/s)
Downloading from central: https://repo.maven.apache.org/maven2/org/apache/maven/maven-aether-provider/3.3.9/maven-aether-provider-3.3.9.jar
Progress (2): 397/638 kB | 15 kBProgress (2): 401/638 kB | 15 kBProgress (2): 405/638 kB | 15 kBProgress (2): 409/638 kB | 15 kBProgress (2): 413/638 kB | 15 kBProgress (2): 417/638 kB | 15 kBProgress (2): 421/638 kB | 15 kBProgress (2): 425/638 kB | 15 kBProgress (2): 430/638 kB | 15 kBProgress (2): 434/638 kB | 15 kBProgress (2): 438/638 kB | 15 kBProgress (2): 442/638 kB | 15 kBProgress (2): 446/638 kB | 15 kBProgress (2): 450/638 kB | 15 kBProgress (2): 454/638 kB | 15 kBProgress (2): 458/638 kB | 15 kBProgress (2): 462/638 kB | 15 kBProgress (2): 466/638 kB | 15 kBProgress (2): 470/638 kB | 15 kBProgress (2): 475/638 kB | 15 kBProgress (2): 479/638 kB | 15 kBProgress (2): 483/638 kB | 15 kBProgress (2): 487/638 kB | 15 kBProgress (2): 491/638 kB | 15 kBProgress (2): 495/638 kB | 15 kBProgress (2): 499/638 kB | 15 kBProgress (2): 503/638 kB | 15 kBProgress (2): 507/638 kB | 15 kBProgress (2): 511/638 kB | 15 kBProgress (2): 516/638 kB | 15 kBProgress (2): 520/638 kB | 15 kBProgress (2): 524/638 kB | 15 kBProgress (2): 528/638 kB | 15 kBProgress (2): 532/638 kB | 15 kBProgress (2): 536/638 kB | 15 kBProgress (2): 540/638 kB | 15 kBProgress (3): 540/638 kB | 15 kB | 4.1/27 kBProgress (3): 540/638 kB | 15 kB | 7.7/27 kBProgress (3): 540/638 kB | 15 kB | 12/27 kB Progress (3): 544/638 kB | 15 kB | 12/27 kBProgress (3): 544/638 kB | 15 kB | 16/27 kBProgress (3): 548/638 kB | 15 kB | 16/27 kBProgress (3): 552/638 kB | 15 kB | 16/27 kBProgress (3): 552/638 kB | 15 kB | 20/27 kBProgress (3): 557/638 kB | 15 kB | 20/27 kBProgress (3): 557/638 kB | 15 kB | 24/27 kBProgress (3): 557/638 kB | 15 kB | 27 kB   Progress (3): 561/638 kB | 15 kB | 27 kBProgress (3): 565/638 kB | 15 kB | 27 kBProgress (3): 569/638 kB | 15 kB | 27 kBProgress (3): 573/638 kB | 15 kB | 27 kBProgress (3): 577/638 kB | 15 kB | 27 kBProgress (3): 581/638 kB | 15 kB | 27 kB                                        Downloaded from central: https://repo.maven.apache.org/maven2/org/apache/maven/maven-builder-support/3.3.9/maven-builder-support-3.3.9.jar (15 kB at 43 kB/s)
Downloading from central: https://repo.maven.apache.org/maven2/org/eclipse/aether/aether-spi/1.0.2.v20150114/aether-spi-1.0.2.v20150114.jar
Progress (2): 585/638 kB | 27 kBProgress (2): 589/638 kB | 27 kBProgress (2): 593/638 kB | 27 kBProgress (2): 597/638 kB | 27 kBProgress (2): 602/638 kB | 27 kBProgress (2): 606/638 kB | 27 kBProgress (2): 610/638 kB | 27 kBProgress (2): 614/638 kB | 27 kBProgress (2): 618/638 kB | 27 kBProgress (2): 622/638 kB | 27 kBProgress (3): 622/638 kB | 27 kB | 4.1/177 kBProgress (3): 622/638 kB | 27 kB | 7.7/177 kBProgress (3): 622/638 kB | 27 kB | 12/177 kB Progress (3): 622/638 kB | 27 kB | 16/177 kBProgress (3): 626/638 kB | 27 kB | 16/177 kBProgress (3): 626/638 kB | 27 kB | 20/177 kBProgress (3): 630/638 kB | 27 kB | 20/177 kBProgress (3): 630/638 kB | 27 kB | 24/177 kBProgress (3): 634/638 kB | 27 kB | 24/177 kBProgress (3): 638 kB | 27 kB | 24/177 kB    Progress (3): 638 kB | 27 kB | 28/177 kBProgress (3): 638 kB | 27 kB | 32/177 kBProgress (3): 638 kB | 27 kB | 36/177 kBProgress (3): 638 kB | 27 kB | 40/177 kBProgress (3): 638 kB | 27 kB | 45/177 kBProgress (3): 638 kB | 27 kB | 49/177 kBProgress (3): 638 kB | 27 kB | 53/177 kBProgress (3): 638 kB | 27 kB | 57/177 kBProgress (3): 638 kB | 27 kB | 61/177 kBProgress (3): 638 kB | 27 kB | 65/177 kBProgress (3): 638 kB | 27 kB | 69/177 kBProgress (3): 638 kB | 27 kB | 73/177 kBProgress (3): 638 kB | 27 kB | 77/177 kBProgress (3): 638 kB | 27 kB | 81/177 kBProgress (3): 638 kB | 27 kB | 85/177 kBProgress (3): 638 kB | 27 kB | 90/177 kBProgress (3): 638 kB | 27 kB | 94/177 kBProgress (3): 638 kB | 27 kB | 98/177 kBProgress (3): 638 kB | 27 kB | 102/177 kBProgress (3): 638 kB | 27 kB | 106/177 kBProgress (3): 638 kB | 27 kB | 110/177 kBProgress (4): 638 kB | 27 kB | 110/177 kB | 4.1/67 kBProgress (4): 638 kB | 27 kB | 110/177 kB | 7.7/67 kBProgress (4): 638 kB | 27 kB | 110/177 kB | 12/67 kB Progress (4): 638 kB | 27 kB | 110/177 kB | 16/67 kB                                                    Downloaded from central: https://repo.maven.apache.org/maven2/org/apache/maven/maven-repository-metadata/3.3.9/maven-repository-metadata-3.3.9.jar (27 kB at 73 kB/s)
Downloading from central: https://repo.maven.apache.org/maven2/org/eclipse/aether/aether-impl/1.0.2.v20150114/aether-impl-1.0.2.v20150114.jar
Progress (3): 638 kB | 114/177 kB | 16/67 kBProgress (3): 638 kB | 114/177 kB | 20/67 kBProgress (3): 638 kB | 114/177 kB | 24/67 kBProgress (3): 638 kB | 118/177 kB | 24/67 kBProgress (3): 638 kB | 118/177 kB | 28/67 kBProgress (3): 638 kB | 122/177 kB | 28/67 kBProgress (3): 638 kB | 122/177 kB | 32/67 kBProgress (3): 638 kB | 126/177 kB | 32/67 kBProgress (3): 638 kB | 126/177 kB | 36/67 kBProgress (3): 638 kB | 131/177 kB | 36/67 kBProgress (3): 638 kB | 131/177 kB | 40/67 kBProgress (3): 638 kB | 131/177 kB | 45/67 kBProgress (3): 638 kB | 131/177 kB | 49/67 kBProgress (3): 638 kB | 135/177 kB | 49/67 kBProgress (3): 638 kB | 139/177 kB | 49/67 kBProgress (3): 638 kB | 139/177 kB | 53/67 kBProgress (3): 638 kB | 143/177 kB | 53/67 kBProgress (4): 638 kB | 143/177 kB | 53/67 kB | 4.1/31 kBProgress (4): 638 kB | 143/177 kB | 57/67 kB | 4.1/31 kBProgress (4): 638 kB | 143/177 kB | 57/67 kB | 7.7/31 kBProgress (4): 638 kB | 143/177 kB | 61/67 kB | 7.7/31 kBProgress (4): 638 kB | 143/177 kB | 61/67 kB | 12/31 kB Progress (4): 638 kB | 143/177 kB | 65/67 kB | 12/31 kBProgress (4): 638 kB | 143/177 kB | 65/67 kB | 16/31 kBProgress (4): 638 kB | 143/177 kB | 67 kB | 16/31 kB   Progress (4): 638 kB | 147/177 kB | 67 kB | 16/31 kBProgress (4): 638 kB | 147/177 kB | 67 kB | 20/31 kBProgress (4): 638 kB | 147/177 kB | 67 kB | 24/31 kBProgress (4): 638 kB | 147/177 kB | 67 kB | 28/31 kBProgress (4): 638 kB | 147/177 kB | 67 kB | 31 kB   Progress (4): 638 kB | 151/177 kB | 67 kB | 31 kBProgress (4): 638 kB | 155/177 kB | 67 kB | 31 kBProgress (4): 638 kB | 159/177 kB | 67 kB | 31 kBProgress (4): 638 kB | 163/177 kB | 67 kB | 31 kBProgress (4): 638 kB | 167/177 kB | 67 kB | 31 kBProgress (4): 638 kB | 171/177 kB | 67 kB | 31 kBProgress (4): 638 kB | 176/177 kB | 67 kB | 31 kBProgress (4): 638 kB | 177 kB | 67 kB | 31 kB                                                 Downloaded from central: https://repo.maven.apache.org/maven2/org/apache/maven/maven-core/3.3.9/maven-core-3.3.9.jar (638 kB at 1.6 MB/s)
Downloading from central: https://repo.maven.apache.org/maven2/org/eclipse/aether/aether-api/1.0.2.v20150114/aether-api-1.0.2.v20150114.jar
Progress (4): 177 kB | 67 kB | 31 kB | 4.1/173 kBProgress (4): 177 kB | 67 kB | 31 kB | 7.7/173 kBProgress (4): 177 kB | 67 kB | 31 kB | 12/173 kB Progress (4): 177 kB | 67 kB | 31 kB | 16/173 kB                                                Downloaded from central: https://repo.maven.apache.org/maven2/org/apache/maven/maven-aether-provider/3.3.9/maven-aether-provider-3.3.9.jar (67 kB at 163 kB/s)
Downloading from central: https://repo.maven.apache.org/maven2/org/eclipse/aether/aether-util/1.0.2.v20150114/aether-util-1.0.2.v20150114.jar
Downloaded from central: https://repo.maven.apache.org/maven2/org/eclipse/aether/aether-spi/1.0.2.v20150114/aether-spi-1.0.2.v20150114.jar (31 kB at 75 kB/s)
Downloading from central: https://repo.maven.apache.org/maven2/org/eclipse/sisu/org.eclipse.sisu.plexus/0.3.2/org.eclipse.sisu.plexus-0.3.2.jar
Progress (2): 177 kB | 20/173 kBProgress (2): 177 kB | 24/173 kBProgress (2): 177 kB | 28/173 kBProgress (2): 177 kB | 32/173 kBProgress (2): 177 kB | 36/173 kBProgress (2): 177 kB | 40/173 kBProgress (2): 177 kB | 45/173 kBProgress (2): 177 kB | 49/173 kB                                Downloaded from central: https://repo.maven.apache.org/maven2/org/apache/maven/maven-model-builder/3.3.9/maven-model-builder-3.3.9.jar (177 kB at 424 kB/s)
Progress (1): 53/173 kBProgress (1): 57/173 kBProgress (1): 61/173 kBProgress (1): 65/173 kBProgress (1): 69/173 kBProgress (1): 73/173 kBProgress (1): 77/173 kBProgress (1): 81/173 kB                       Downloading from central: https://repo.maven.apache.org/maven2/javax/enterprise/cdi-api/1.0/cdi-api-1.0.jar
Progress (2): 81/173 kB | 4.1/136 kBProgress (2): 81/173 kB | 7.7/136 kBProgress (2): 81/173 kB | 12/136 kB Progress (2): 81/173 kB | 16/136 kBProgress (2): 81/173 kB | 20/136 kBProgress (2): 81/173 kB | 24/136 kBProgress (2): 81/173 kB | 28/136 kBProgress (2): 81/173 kB | 32/136 kBProgress (2): 81/173 kB | 36/136 kBProgress (2): 81/173 kB | 40/136 kBProgress (2): 81/173 kB | 45/136 kBProgress (2): 81/173 kB | 49/136 kBProgress (2): 81/173 kB | 53/136 kBProgress (2): 81/173 kB | 57/136 kBProgress (2): 81/173 kB | 61/136 kBProgress (2): 81/173 kB | 65/136 kBProgress (2): 81/173 kB | 69/136 kBProgress (2): 85/173 kB | 69/136 kBProgress (2): 90/173 kB | 69/136 kBProgress (2): 94/173 kB | 69/136 kBProgress (2): 98/173 kB | 69/136 kBProgress (2): 102/173 kB | 69/136 kBProgress (2): 106/173 kB | 69/136 kBProgress (2): 110/173 kB | 69/136 kBProgress (2): 114/173 kB | 69/136 kBProgress (2): 118/173 kB | 69/136 kBProgress (2): 122/173 kB | 69/136 kBProgress (2): 126/173 kB | 69/136 kBProgress (2): 131/173 kB | 69/136 kBProgress (2): 131/173 kB | 73/136 kBProgress (2): 131/173 kB | 77/136 kBProgress (2): 131/173 kB | 81/136 kBProgress (2): 131/173 kB | 85/136 kBProgress (2): 131/173 kB | 90/136 kBProgress (2): 131/173 kB | 94/136 kBProgress (2): 131/173 kB | 98/136 kBProgress (2): 131/173 kB | 102/136 kBProgress (2): 131/173 kB | 106/136 kBProgress (2): 131/173 kB | 110/136 kBProgress (2): 131/173 kB | 114/136 kBProgress (3): 131/173 kB | 114/136 kB | 4.1/205 kBProgress (3): 131/173 kB | 114/136 kB | 7.7/205 kBProgress (4): 131/173 kB | 114/136 kB | 7.7/205 kB | 4.1/45 kBProgress (4): 131/173 kB | 114/136 kB | 7.7/205 kB | 7.7/45 kBProgress (4): 131/173 kB | 114/136 kB | 7.7/205 kB | 12/45 kB Progress (4): 131/173 kB | 114/136 kB | 7.7/205 kB | 16/45 kBProgress (4): 131/173 kB | 114/136 kB | 7.7/205 kB | 20/45 kBProgress (4): 131/173 kB | 114/136 kB | 7.7/205 kB | 24/45 kBProgress (4): 131/173 kB | 114/136 kB | 7.7/205 kB | 28/45 kBProgress (4): 131/173 kB | 118/136 kB | 7.7/205 kB | 28/45 kBProgress (4): 131/173 kB | 122/136 kB | 7.7/205 kB | 28/45 kBProgress (5): 131/173 kB | 122/136 kB | 7.7/205 kB | 28/45 kB | 2.8/147 kBProgress (5): 131/173 kB | 126/136 kB | 7.7/205 kB | 28/45 kB | 2.8/147 kBProgress (5): 135/173 kB | 126/136 kB | 7.7/205 kB | 28/45 kB | 2.8/147 kBProgress (5): 139/173 kB | 126/136 kB | 7.7/205 kB | 28/45 kB | 2.8/147 kBProgress (5): 143/173 kB | 126/136 kB | 7.7/205 kB | 28/45 kB | 2.8/147 kBProgress (5): 147/173 kB | 126/136 kB | 7.7/205 kB | 28/45 kB | 2.8/147 kBProgress (5): 147/173 kB | 126/136 kB | 7.7/205 kB | 32/45 kB | 2.8/147 kBProgress (5): 147/173 kB | 126/136 kB | 12/205 kB | 32/45 kB | 2.8/147 kB Progress (5): 147/173 kB | 126/136 kB | 16/205 kB | 32/45 kB | 2.8/147 kBProgress (5): 151/173 kB | 126/136 kB | 16/205 kB | 32/45 kB | 2.8/147 kBProgress (5): 155/173 kB | 126/136 kB | 16/205 kB | 32/45 kB | 2.8/147 kBProgress (5): 155/173 kB | 126/136 kB | 20/205 kB | 32/45 kB | 2.8/147 kBProgress (5): 155/173 kB | 126/136 kB | 24/205 kB | 32/45 kB | 2.8/147 kBProgress (5): 155/173 kB | 126/136 kB | 28/205 kB | 32/45 kB | 2.8/147 kBProgress (5): 155/173 kB | 126/136 kB | 32/205 kB | 32/45 kB | 2.8/147 kBProgress (5): 155/173 kB | 126/136 kB | 36/205 kB | 32/45 kB | 2.8/147 kBProgress (5): 155/173 kB | 126/136 kB | 40/205 kB | 32/45 kB | 2.8/147 kBProgress (5): 155/173 kB | 126/136 kB | 45/205 kB | 32/45 kB | 2.8/147 kBProgress (5): 155/173 kB | 126/136 kB | 49/205 kB | 32/45 kB | 2.8/147 kBProgress (5): 155/173 kB | 126/136 kB | 53/205 kB | 32/45 kB | 2.8/147 kBProgress (5): 155/173 kB | 126/136 kB | 57/205 kB | 32/45 kB | 2.8/147 kBProgress (5): 155/173 kB | 126/136 kB | 61/205 kB | 32/45 kB | 2.8/147 kBProgress (5): 155/173 kB | 126/136 kB | 65/205 kB | 32/45 kB | 2.8/147 kBProgress (5): 155/173 kB | 131/136 kB | 65/205 kB | 32/45 kB | 2.8/147 kBProgress (5): 155/173 kB | 131/136 kB | 65/205 kB | 32/45 kB | 5.5/147 kBProgress (5): 155/173 kB | 135/136 kB | 65/205 kB | 32/45 kB | 5.5/147 kBProgress (5): 155/173 kB | 135/136 kB | 65/205 kB | 32/45 kB | 8.3/147 kBProgress (5): 155/173 kB | 135/136 kB | 65/205 kB | 32/45 kB | 11/147 kB Progress (5): 155/173 kB | 135/136 kB | 65/205 kB | 32/45 kB | 14/147 kBProgress (5): 155/173 kB | 135/136 kB | 65/205 kB | 32/45 kB | 16/147 kBProgress (5): 155/173 kB | 135/136 kB | 65/205 kB | 32/45 kB | 19/147 kBProgress (5): 155/173 kB | 135/136 kB | 65/205 kB | 32/45 kB | 22/147 kBProgress (5): 155/173 kB | 135/136 kB | 65/205 kB | 32/45 kB | 25/147 kBProgress (5): 155/173 kB | 135/136 kB | 65/205 kB | 32/45 kB | 27/147 kBProgress (5): 155/173 kB | 135/136 kB | 65/205 kB | 32/45 kB | 30/147 kBProgress (5): 155/173 kB | 135/136 kB | 65/205 kB | 32/45 kB | 33/147 kBProgress (5): 155/173 kB | 135/136 kB | 65/205 kB | 32/45 kB | 37/147 kBProgress (5): 155/173 kB | 135/136 kB | 65/205 kB | 32/45 kB | 41/147 kBProgress (5): 155/173 kB | 135/136 kB | 65/205 kB | 32/45 kB | 45/147 kBProgress (5): 155/173 kB | 135/136 kB | 65/205 kB | 32/45 kB | 49/147 kBProgress (5): 155/173 kB | 135/136 kB | 65/205 kB | 32/45 kB | 53/147 kBProgress (5): 155/173 kB | 135/136 kB | 65/205 kB | 32/45 kB | 57/147 kBProgress (5): 159/173 kB | 135/136 kB | 65/205 kB | 32/45 kB | 57/147 kBProgress (5): 163/173 kB | 135/136 kB | 65/205 kB | 32/45 kB | 57/147 kBProgress (5): 167/173 kB | 135/136 kB | 65/205 kB | 32/45 kB | 57/147 kBProgress (5): 171/173 kB | 135/136 kB | 65/205 kB | 32/45 kB | 57/147 kBProgress (5): 173 kB | 135/136 kB | 65/205 kB | 32/45 kB | 57/147 kB    Progress (5): 173 kB | 135/136 kB | 65/205 kB | 36/45 kB | 57/147 kBProgress (5): 173 kB | 135/136 kB | 69/205 kB | 36/45 kB | 57/147 kBProgress (5): 173 kB | 135/136 kB | 73/205 kB | 36/45 kB | 57/147 kBProgress (5): 173 kB | 135/136 kB | 77/205 kB | 36/45 kB | 57/147 kBProgress (5): 173 kB | 135/136 kB | 81/205 kB | 36/45 kB | 57/147 kBProgress (5): 173 kB | 136 kB | 81/205 kB | 36/45 kB | 57/147 kB    Progress (5): 173 kB | 136 kB | 81/205 kB | 40/45 kB | 57/147 kBProgress (5): 173 kB | 136 kB | 81/205 kB | 45/45 kB | 57/147 kBProgress (5): 173 kB | 136 kB | 81/205 kB | 45 kB | 57/147 kB   Progress (5): 173 kB | 136 kB | 81/205 kB | 45 kB | 61/147 kBProgress (5): 173 kB | 136 kB | 81/205 kB | 45 kB | 66/147 kBProgress (5): 173 kB | 136 kB | 85/205 kB | 45 kB | 66/147 kBProgress (5): 173 kB | 136 kB | 90/205 kB | 45 kB | 66/147 kBProgress (5): 173 kB | 136 kB | 90/205 kB | 45 kB | 70/147 kBProgress (5): 173 kB | 136 kB | 94/205 kB | 45 kB | 70/147 kBProgress (5): 173 kB | 136 kB | 98/205 kB | 45 kB | 70/147 kBProgress (5): 173 kB | 136 kB | 102/205 kB | 45 kB | 70/147 kBProgress (5): 173 kB | 136 kB | 106/205 kB | 45 kB | 70/147 kBProgress (5): 173 kB | 136 kB | 110/205 kB | 45 kB | 70/147 kBProgress (5): 173 kB | 136 kB | 114/205 kB | 45 kB | 70/147 kBProgress (5): 173 kB | 136 kB | 114/205 kB | 45 kB | 74/147 kBProgress (5): 173 kB | 136 kB | 114/205 kB | 45 kB | 78/147 kBProgress (5): 173 kB | 136 kB | 114/205 kB | 45 kB | 82/147 kBProgress (5): 173 kB | 136 kB | 118/205 kB | 45 kB | 82/147 kBProgress (5): 173 kB | 136 kB | 122/205 kB | 45 kB | 82/147 kBProgress (5): 173 kB | 136 kB | 126/205 kB | 45 kB | 82/147 kBProgress (5): 173 kB | 136 kB | 131/205 kB | 45 kB | 82/147 kBProgress (5): 173 kB | 136 kB | 131/205 kB | 45 kB | 86/147 kBProgress (5): 173 kB | 136 kB | 131/205 kB | 45 kB | 90/147 kBProgress (5): 173 kB | 136 kB | 135/205 kB | 45 kB | 90/147 kBProgress (5): 173 kB | 136 kB | 139/205 kB | 45 kB | 90/147 kBProgress (5): 173 kB | 136 kB | 143/205 kB | 45 kB | 90/147 kBProgress (5): 173 kB | 136 kB | 147/205 kB | 45 kB | 90/147 kBProgress (5): 173 kB | 136 kB | 151/205 kB | 45 kB | 90/147 kBProgress (5): 173 kB | 136 kB | 155/205 kB | 45 kB | 90/147 kBProgress (5): 173 kB | 136 kB | 159/205 kB | 45 kB | 90/147 kBProgress (5): 173 kB | 136 kB | 163/205 kB | 45 kB | 90/147 kBProgress (5): 173 kB | 136 kB | 163/205 kB | 45 kB | 94/147 kBProgress (5): 173 kB | 136 kB | 163/205 kB | 45 kB | 98/147 kBProgress (5): 173 kB | 136 kB | 163/205 kB | 45 kB | 102/147 kBProgress (5): 173 kB | 136 kB | 163/205 kB | 45 kB | 106/147 kBProgress (5): 173 kB | 136 kB | 163/205 kB | 45 kB | 111/147 kBProgress (5): 173 kB | 136 kB | 163/205 kB | 45 kB | 115/147 kBProgress (5): 173 kB | 136 kB | 167/205 kB | 45 kB | 115/147 kBProgress (5): 173 kB | 136 kB | 171/205 kB | 45 kB | 115/147 kBProgress (5): 173 kB | 136 kB | 176/205 kB | 45 kB | 115/147 kBProgress (5): 173 kB | 136 kB | 180/205 kB | 45 kB | 115/147 kBProgress (5): 173 kB | 136 kB | 180/205 kB | 45 kB | 119/147 kBProgress (5): 173 kB | 136 kB | 180/205 kB | 45 kB | 123/147 kB                                                               Downloaded from central: https://repo.maven.apache.org/maven2/org/eclipse/aether/aether-api/1.0.2.v20150114/aether-api-1.0.2.v20150114.jar (136 kB at 261 kB/s)
Downloading from central: https://repo.maven.apache.org/maven2/javax/annotation/jsr250-api/1.0/jsr250-api-1.0.jar
Progress (4): 173 kB | 180/205 kB | 45 kB | 127/147 kBProgress (4): 173 kB | 180/205 kB | 45 kB | 131/147 kBProgress (4): 173 kB | 180/205 kB | 45 kB | 135/147 kBProgress (4): 173 kB | 180/205 kB | 45 kB | 139/147 kBProgress (4): 173 kB | 180/205 kB | 45 kB | 143/147 kBProgress (4): 173 kB | 180/205 kB | 45 kB | 147 kB                                                      Downloaded from central: https://repo.maven.apache.org/maven2/javax/enterprise/cdi-api/1.0/cdi-api-1.0.jar (45 kB at 84 kB/s)
Downloaded from central: https://repo.maven.apache.org/maven2/org/eclipse/aether/aether-impl/1.0.2.v20150114/aether-impl-1.0.2.v20150114.jar (173 kB at 323 kB/s)
Downloading from central: https://repo.maven.apache.org/maven2/com/google/inject/guice/4.0/guice-4.0-no_aop.jar
Progress (2): 184/205 kB | 147 kBProgress (2): 188/205 kB | 147 kBProgress (2): 192/205 kB | 147 kBProgress (2): 196/205 kB | 147 kB                                 Downloading from central: https://repo.maven.apache.org/maven2/org/eclipse/sisu/org.eclipse.sisu.inject/0.3.2/org.eclipse.sisu.inject-0.3.2.jar
Progress (2): 200/205 kB | 147 kBProgress (2): 204/205 kB | 147 kBProgress (2): 205 kB | 147 kB    Progress (3): 205 kB | 147 kB | 4.1/5.8 kBProgress (3): 205 kB | 147 kB | 5.8 kB                                          Downloaded from central: https://repo.maven.apache.org/maven2/org/eclipse/sisu/org.eclipse.sisu.plexus/0.3.2/org.eclipse.sisu.plexus-0.3.2.jar (205 kB at 358 kB/s)
Downloading from central: https://repo.maven.apache.org/maven2/javax/inject/javax.inject/1/javax.inject-1.jar
Progress (3): 147 kB | 5.8 kB | 4.1/424 kBProgress (3): 147 kB | 5.8 kB | 7.7/424 kBProgress (3): 147 kB | 5.8 kB | 12/424 kB Progress (3): 147 kB | 5.8 kB | 16/424 kBProgress (3): 147 kB | 5.8 kB | 20/424 kBProgress (3): 147 kB | 5.8 kB | 24/424 kBProgress (3): 147 kB | 5.8 kB | 28/424 kBProgress (3): 147 kB | 5.8 kB | 32/424 kBProgress (3): 147 kB | 5.8 kB | 36/424 kB                                         Downloaded from central: https://repo.maven.apache.org/maven2/org/eclipse/aether/aether-util/1.0.2.v20150114/aether-util-1.0.2.v20150114.jar (147 kB at 247 kB/s)
Downloading from central: https://repo.maven.apache.org/maven2/aopalliance/aopalliance/1.0/aopalliance-1.0.jar
Progress (3): 5.8 kB | 36/424 kB | 4.1/378 kBProgress (3): 5.8 kB | 36/424 kB | 7.7/378 kBProgress (3): 5.8 kB | 36/424 kB | 12/378 kB Progress (3): 5.8 kB | 36/424 kB | 16/378 kBProgress (3): 5.8 kB | 40/424 kB | 16/378 kBProgress (3): 5.8 kB | 45/424 kB | 16/378 kBProgress (3): 5.8 kB | 49/424 kB | 16/378 kBProgress (3): 5.8 kB | 53/424 kB | 16/378 kBProgress (3): 5.8 kB | 57/424 kB | 16/378 kBProgress (3): 5.8 kB | 61/424 kB | 16/378 kBProgress (3): 5.8 kB | 65/424 kB | 16/378 kBProgress (3): 5.8 kB | 69/424 kB | 16/378 kBProgress (3): 5.8 kB | 69/424 kB | 20/378 kBProgress (3): 5.8 kB | 69/424 kB | 24/378 kBProgress (3): 5.8 kB | 69/424 kB | 28/378 kBProgress (3): 5.8 kB | 69/424 kB | 32/378 kBProgress (3): 5.8 kB | 69/424 kB | 36/378 kBProgress (3): 5.8 kB | 69/424 kB | 40/378 kBProgress (3): 5.8 kB | 69/424 kB | 45/378 kBProgress (3): 5.8 kB | 69/424 kB | 49/378 kBProgress (3): 5.8 kB | 69/424 kB | 53/378 kBProgress (3): 5.8 kB | 69/424 kB | 57/378 kBProgress (3): 5.8 kB | 69/424 kB | 61/378 kBProgress (3): 5.8 kB | 69/424 kB | 65/378 kBProgress (3): 5.8 kB | 73/424 kB | 65/378 kBProgress (3): 5.8 kB | 77/424 kB | 65/378 kB                                            Downloaded from central: https://repo.maven.apache.org/maven2/javax/annotation/jsr250-api/1.0/jsr250-api-1.0.jar (5.8 kB at 9.4 kB/s)
Downloading from central: https://repo.maven.apache.org/maven2/org/codehaus/plexus/plexus-classworlds/2.5.2/plexus-classworlds-2.5.2.jar
Progress (2): 81/424 kB | 65/378 kBProgress (2): 85/424 kB | 65/378 kBProgress (2): 90/424 kB | 65/378 kBProgress (2): 94/424 kB | 65/378 kBProgress (2): 98/424 kB | 65/378 kBProgress (2): 98/424 kB | 69/378 kBProgress (3): 98/424 kB | 69/378 kB | 2.5 kBProgress (3): 102/424 kB | 69/378 kB | 2.5 kBProgress (4): 102/424 kB | 69/378 kB | 2.5 kB | 2.2/4.5 kBProgress (4): 102/424 kB | 69/378 kB | 2.5 kB | 4.5 kB    Progress (4): 106/424 kB | 69/378 kB | 2.5 kB | 4.5 kBProgress (4): 110/424 kB | 69/378 kB | 2.5 kB | 4.5 kBProgress (4): 114/424 kB | 69/378 kB | 2.5 kB | 4.5 kBProgress (4): 114/424 kB | 73/378 kB | 2.5 kB | 4.5 kBProgress (4): 114/424 kB | 77/378 kB | 2.5 kB | 4.5 kBProgress (4): 114/424 kB | 81/378 kB | 2.5 kB | 4.5 kBProgress (4): 118/424 kB | 81/378 kB | 2.5 kB | 4.5 kBProgress (4): 118/424 kB | 85/378 kB | 2.5 kB | 4.5 kBProgress (4): 122/424 kB | 85/378 kB | 2.5 kB | 4.5 kBProgress (4): 126/424 kB | 85/378 kB | 2.5 kB | 4.5 kBProgress (4): 126/424 kB | 90/378 kB | 2.5 kB | 4.5 kBProgress (4): 126/424 kB | 94/378 kB | 2.5 kB | 4.5 kBProgress (4): 126/424 kB | 98/378 kB | 2.5 kB | 4.5 kBProgress (4): 126/424 kB | 102/378 kB | 2.5 kB | 4.5 kBProgress (4): 126/424 kB | 106/378 kB | 2.5 kB | 4.5 kBProgress (4): 126/424 kB | 110/378 kB | 2.5 kB | 4.5 kBProgress (4): 126/424 kB | 114/378 kB | 2.5 kB | 4.5 kBProgress (4): 126/424 kB | 118/378 kB | 2.5 kB | 4.5 kBProgress (4): 126/424 kB | 122/378 kB | 2.5 kB | 4.5 kBProgress (4): 126/424 kB | 126/378 kB | 2.5 kB | 4.5 kBProgress (4): 126/424 kB | 131/378 kB | 2.5 kB | 4.5 kBProgress (4): 131/424 kB | 131/378 kB | 2.5 kB | 4.5 kBProgress (4): 135/424 kB | 131/378 kB | 2.5 kB | 4.5 kBProgress (5): 135/424 kB | 131/378 kB | 2.5 kB | 4.5 kB | 2.2/53 kBProgress (5): 139/424 kB | 131/378 kB | 2.5 kB | 4.5 kB | 2.2/53 kBProgress (5): 139/424 kB | 131/378 kB | 2.5 kB | 4.5 kB | 5.0/53 kBProgress (5): 143/424 kB | 131/378 kB | 2.5 kB | 4.5 kB | 5.0/53 kBProgress (5): 147/424 kB | 131/378 kB | 2.5 kB | 4.5 kB | 5.0/53 kBProgress (5): 147/424 kB | 135/378 kB | 2.5 kB | 4.5 kB | 5.0/53 kBProgress (5): 147/424 kB | 139/378 kB | 2.5 kB | 4.5 kB | 5.0/53 kBProgress (5): 147/424 kB | 143/378 kB | 2.5 kB | 4.5 kB | 5.0/53 kBProgress (5): 147/424 kB | 147/378 kB | 2.5 kB | 4.5 kB | 5.0/53 kBProgress (5): 147/424 kB | 147/378 kB | 2.5 kB | 4.5 kB | 7.7/53 kBProgress (5): 147/424 kB | 147/378 kB | 2.5 kB | 4.5 kB | 10/53 kB Progress (5): 147/424 kB | 151/378 kB | 2.5 kB | 4.5 kB | 10/53 kBProgress (5): 147/424 kB | 155/378 kB | 2.5 kB | 4.5 kB | 10/53 kBProgress (5): 147/424 kB | 159/378 kB | 2.5 kB | 4.5 kB | 10/53 kBProgress (5): 147/424 kB | 163/378 kB | 2.5 kB | 4.5 kB | 10/53 kBProgress (5): 151/424 kB | 163/378 kB | 2.5 kB | 4.5 kB | 10/53 kBProgress (5): 151/424 kB | 163/378 kB | 2.5 kB | 4.5 kB | 13/53 kBProgress (5): 151/424 kB | 163/378 kB | 2.5 kB | 4.5 kB | 16/53 kBProgress (5): 151/424 kB | 163/378 kB | 2.5 kB | 4.5 kB | 19/53 kBProgress (5): 151/424 kB | 163/378 kB | 2.5 kB | 4.5 kB | 21/53 kBProgress (5): 151/424 kB | 163/378 kB | 2.5 kB | 4.5 kB | 24/53 kBProgress (5): 151/424 kB | 163/378 kB | 2.5 kB | 4.5 kB | 27/53 kBProgress (5): 151/424 kB | 163/378 kB | 2.5 kB | 4.5 kB | 30/53 kBProgress (5): 151/424 kB | 163/378 kB | 2.5 kB | 4.5 kB | 32/53 kB                                                                  Downloaded from central: https://repo.maven.apache.org/maven2/javax/inject/javax.inject/1/javax.inject-1.jar (2.5 kB at 3.7 kB/s)
Progress (4): 155/424 kB | 163/378 kB | 4.5 kB | 32/53 kBProgress (4): 159/424 kB | 163/378 kB | 4.5 kB | 32/53 kBProgress (4): 163/424 kB | 163/378 kB | 4.5 kB | 32/53 kBProgress (4): 167/424 kB | 163/378 kB | 4.5 kB | 32/53 kBProgress (4): 171/424 kB | 163/378 kB | 4.5 kB | 32/53 kBProgress (4): 176/424 kB | 163/378 kB | 4.5 kB | 32/53 kBProgress (4): 180/424 kB | 163/378 kB | 4.5 kB | 32/53 kBProgress (4): 184/424 kB | 163/378 kB | 4.5 kB | 32/53 kBProgress (4): 184/424 kB | 163/378 kB | 4.5 kB | 36/53 kB                                                         Downloaded from central: https://repo.maven.apache.org/maven2/aopalliance/aopalliance/1.0/aopalliance-1.0.jar (4.5 kB at 6.6 kB/s)
Downloading from central: https://repo.maven.apache.org/maven2/org/apache/maven/maven-model/3.3.9/maven-model-3.3.9.jar
Progress (3): 184/424 kB | 167/378 kB | 36/53 kB                                                Downloading from central: https://repo.maven.apache.org/maven2/org/codehaus/plexus/plexus-component-annotations/1.6/plexus-component-annotations-1.6.jar
Progress (3): 188/424 kB | 167/378 kB | 36/53 kBProgress (3): 188/424 kB | 167/378 kB | 40/53 kBProgress (3): 188/424 kB | 167/378 kB | 45/53 kBProgress (3): 188/424 kB | 167/378 kB | 49/53 kBProgress (3): 188/424 kB | 167/378 kB | 53 kB   Progress (3): 188/424 kB | 171/378 kB | 53 kBProgress (3): 188/424 kB | 176/378 kB | 53 kBProgress (3): 188/424 kB | 180/378 kB | 53 kBProgress (3): 188/424 kB | 184/378 kB | 53 kBProgress (3): 188/424 kB | 188/378 kB | 53 kBProgress (3): 188/424 kB | 192/378 kB | 53 kBProgress (3): 188/424 kB | 196/378 kB | 53 kBProgress (3): 192/424 kB | 196/378 kB | 53 kBProgress (3): 196/424 kB | 196/378 kB | 53 kBProgress (3): 196/424 kB | 200/378 kB | 53 kBProgress (3): 200/424 kB | 200/378 kB | 53 kBProgress (3): 204/424 kB | 200/378 kB | 53 kBProgress (3): 208/424 kB | 200/378 kB | 53 kBProgress (3): 212/424 kB | 200/378 kB | 53 kBProgress (3): 212/424 kB | 204/378 kB | 53 kBProgress (3): 212/424 kB | 208/378 kB | 53 kBProgress (3): 212/424 kB | 212/378 kB | 53 kBProgress (3): 217/424 kB | 212/378 kB | 53 kBProgress (3): 221/424 kB | 212/378 kB | 53 kBProgress (3): 225/424 kB | 212/378 kB | 53 kBProgress (3): 229/424 kB | 212/378 kB | 53 kBProgress (3): 233/424 kB | 212/378 kB | 53 kBProgress (3): 237/424 kB | 212/378 kB | 53 kBProgress (3): 241/424 kB | 212/378 kB | 53 kBProgress (3): 245/424 kB | 212/378 kB | 53 kBProgress (3): 249/424 kB | 212/378 kB | 53 kBProgress (3): 253/424 kB | 212/378 kB | 53 kBProgress (3): 258/424 kB | 212/378 kB | 53 kBProgress (3): 262/424 kB | 212/378 kB | 53 kBProgress (3): 266/424 kB | 212/378 kB | 53 kBProgress (3): 270/424 kB | 212/378 kB | 53 kBProgress (3): 274/424 kB | 212/378 kB | 53 kBProgress (3): 278/424 kB | 212/378 kB | 53 kBProgress (3): 278/424 kB | 217/378 kB | 53 kBProgress (3): 278/424 kB | 221/378 kB | 53 kBProgress (3): 278/424 kB | 225/378 kB | 53 kBProgress (3): 278/424 kB | 229/378 kB | 53 kBProgress (3): 282/424 kB | 229/378 kB | 53 kBProgress (3): 286/424 kB | 229/378 kB | 53 kBProgress (3): 290/424 kB | 229/378 kB | 53 kBProgress (3): 294/424 kB | 229/378 kB | 53 kBProgress (3): 298/424 kB | 229/378 kB | 53 kBProgress (3): 303/424 kB | 229/378 kB | 53 kBProgress (3): 307/424 kB | 229/378 kB | 53 kBProgress (3): 311/424 kB | 229/378 kB | 53 kBProgress (3): 315/424 kB | 229/378 kB | 53 kBProgress (3): 319/424 kB | 229/378 kB | 53 kBProgress (3): 323/424 kB | 229/378 kB | 53 kBProgress (3): 327/424 kB | 229/378 kB | 53 kBProgress (3): 327/424 kB | 233/378 kB | 53 kBProgress (3): 331/424 kB | 233/378 kB | 53 kBProgress (3): 331/424 kB | 237/378 kB | 53 kBProgress (3): 335/424 kB | 237/378 kB | 53 kBProgress (3): 335/424 kB | 241/378 kB | 53 kBProgress (3): 339/424 kB | 241/378 kB | 53 kBProgress (3): 344/424 kB | 241/378 kB | 53 kBProgress (3): 344/424 kB | 245/378 kB | 53 kBProgress (3): 348/424 kB | 245/378 kB | 53 kBProgress (3): 352/424 kB | 245/378 kB | 53 kBProgress (3): 356/424 kB | 245/378 kB | 53 kBProgress (3): 360/424 kB | 245/378 kB | 53 kBProgress (4): 360/424 kB | 245/378 kB | 53 kB | 2.8/4.3 kBProgress (4): 364/424 kB | 245/378 kB | 53 kB | 2.8/4.3 kBProgress (4): 368/424 kB | 245/378 kB | 53 kB | 2.8/4.3 kBProgress (4): 368/424 kB | 245/378 kB | 53 kB | 4.3 kB    Progress (4): 372/424 kB | 245/378 kB | 53 kB | 4.3 kBProgress (4): 376/424 kB | 245/378 kB | 53 kB | 4.3 kBProgress (4): 380/424 kB | 245/378 kB | 53 kB | 4.3 kBProgress (4): 384/424 kB | 245/378 kB | 53 kB | 4.3 kBProgress (4): 389/424 kB | 245/378 kB | 53 kB | 4.3 kBProgress (4): 393/424 kB | 245/378 kB | 53 kB | 4.3 kBProgress (4): 393/424 kB | 249/378 kB | 53 kB | 4.3 kBProgress (4): 393/424 kB | 253/378 kB | 53 kB | 4.3 kBProgress (4): 393/424 kB | 258/378 kB | 53 kB | 4.3 kBProgress (4): 393/424 kB | 262/378 kB | 53 kB | 4.3 kBProgress (4): 397/424 kB | 262/378 kB | 53 kB | 4.3 kBProgress (5): 397/424 kB | 262/378 kB | 53 kB | 4.3 kB | 2.2/164 kBProgress (5): 397/424 kB | 262/378 kB | 53 kB | 4.3 kB | 5.0/164 kBProgress (5): 397/424 kB | 262/378 kB | 53 kB | 4.3 kB | 7.7/164 kBProgress (5): 397/424 kB | 266/378 kB | 53 kB | 4.3 kB | 7.7/164 kBProgress (5): 401/424 kB | 266/378 kB | 53 kB | 4.3 kB | 7.7/164 kBProgress (5): 401/424 kB | 266/378 kB | 53 kB | 4.3 kB | 10/164 kB Progress (5): 401/424 kB | 270/378 kB | 53 kB | 4.3 kB | 10/164 kBProgress (5): 401/424 kB | 274/378 kB | 53 kB | 4.3 kB | 10/164 kBProgress (5): 405/424 kB | 274/378 kB | 53 kB | 4.3 kB | 10/164 kBProgress (5): 405/424 kB | 274/378 kB | 53 kB | 4.3 kB | 13/164 kBProgress (5): 405/424 kB | 274/378 kB | 53 kB | 4.3 kB | 16/164 kBProgress (5): 405/424 kB | 274/378 kB | 53 kB | 4.3 kB | 19/164 kBProgress (5): 405/424 kB | 274/378 kB | 53 kB | 4.3 kB | 21/164 kBProgress (5): 405/424 kB | 274/378 kB | 53 kB | 4.3 kB | 24/164 kBProgress (5): 405/424 kB | 274/378 kB | 53 kB | 4.3 kB | 27/164 kBProgress (5): 405/424 kB | 274/378 kB | 53 kB | 4.3 kB | 30/164 kBProgress (5): 405/424 kB | 274/378 kB | 53 kB | 4.3 kB | 32/164 kBProgress (5): 405/424 kB | 274/378 kB | 53 kB | 4.3 kB | 36/164 kBProgress (5): 405/424 kB | 274/378 kB | 53 kB | 4.3 kB | 40/164 kBProgress (5): 405/424 kB | 274/378 kB | 53 kB | 4.3 kB | 45/164 kBProgress (5): 405/424 kB | 274/378 kB | 53 kB | 4.3 kB | 49/164 kBProgress (5): 405/424 kB | 274/378 kB | 53 kB | 4.3 kB | 53/164 kBProgress (5): 405/424 kB | 274/378 kB | 53 kB | 4.3 kB | 57/164 kBProgress (5): 405/424 kB | 274/378 kB | 53 kB | 4.3 kB | 61/164 kBProgress (5): 405/424 kB | 274/378 kB | 53 kB | 4.3 kB | 65/164 kBProgress (5): 405/424 kB | 274/378 kB | 53 kB | 4.3 kB | 69/164 kBProgress (5): 405/424 kB | 274/378 kB | 53 kB | 4.3 kB | 73/164 kBProgress (5): 405/424 kB | 274/378 kB | 53 kB | 4.3 kB | 77/164 kBProgress (5): 405/424 kB | 274/378 kB | 53 kB | 4.3 kB | 81/164 kBProgress (5): 405/424 kB | 274/378 kB | 53 kB | 4.3 kB | 85/164 kBProgress (5): 405/424 kB | 274/378 kB | 53 kB | 4.3 kB | 90/164 kBProgress (5): 405/424 kB | 274/378 kB | 53 kB | 4.3 kB | 94/164 kBProgress (5): 405/424 kB | 274/378 kB | 53 kB | 4.3 kB | 98/164 kBProgress (5): 405/424 kB | 274/378 kB | 53 kB | 4.3 kB | 102/164 kBProgress (5): 405/424 kB | 274/378 kB | 53 kB | 4.3 kB | 106/164 kBProgress (5): 405/424 kB | 274/378 kB | 53 kB | 4.3 kB | 110/164 kBProgress (5): 405/424 kB | 274/378 kB | 53 kB | 4.3 kB | 114/164 kBProgress (5): 405/424 kB | 274/378 kB | 53 kB | 4.3 kB | 118/164 kBProgress (5): 405/424 kB | 274/378 kB | 53 kB | 4.3 kB | 122/164 kBProgress (5): 405/424 kB | 274/378 kB | 53 kB | 4.3 kB | 126/164 kBProgress (5): 405/424 kB | 274/378 kB | 53 kB | 4.3 kB | 131/164 kBProgress (5): 405/424 kB | 274/378 kB | 53 kB | 4.3 kB | 135/164 kBProgress (5): 405/424 kB | 274/378 kB | 53 kB | 4.3 kB | 139/164 kBProgress (5): 405/424 kB | 274/378 kB | 53 kB | 4.3 kB | 143/164 kBProgress (5): 405/424 kB | 274/378 kB | 53 kB | 4.3 kB | 147/164 kB                                                                   Downloaded from central: https://repo.maven.apache.org/maven2/org/codehaus/plexus/plexus-classworlds/2.5.2/plexus-classworlds-2.5.2.jar (53 kB at 73 kB/s)
Downloading from central: https://repo.maven.apache.org/maven2/org/apache/maven/maven-plugin-api/3.3.9/maven-plugin-api-3.3.9.jar
Progress (4): 405/424 kB | 278/378 kB | 4.3 kB | 147/164 kBProgress (4): 405/424 kB | 282/378 kB | 4.3 kB | 147/164 kBProgress (4): 405/424 kB | 286/378 kB | 4.3 kB | 147/164 kBProgress (4): 405/424 kB | 290/378 kB | 4.3 kB | 147/164 kBProgress (4): 405/424 kB | 294/378 kB | 4.3 kB | 147/164 kBProgress (4): 405/424 kB | 294/378 kB | 4.3 kB | 151/164 kBProgress (4): 405/424 kB | 294/378 kB | 4.3 kB | 155/164 kBProgress (4): 409/424 kB | 294/378 kB | 4.3 kB | 155/164 kBProgress (4): 409/424 kB | 294/378 kB | 4.3 kB | 159/164 kBProgress (4): 409/424 kB | 294/378 kB | 4.3 kB | 163/164 kBProgress (4): 409/424 kB | 298/378 kB | 4.3 kB | 163/164 kBProgress (4): 409/424 kB | 298/378 kB | 4.3 kB | 164 kB    Progress (4): 413/424 kB | 298/378 kB | 4.3 kB | 164 kB                                                       Downloaded from central: https://repo.maven.apache.org/maven2/org/codehaus/plexus/plexus-component-annotations/1.6/plexus-component-annotations-1.6.jar (4.3 kB at 5.8 kB/s)
Downloading from central: https://repo.maven.apache.org/maven2/org/apache/maven/maven-settings/3.3.9/maven-settings-3.3.9.jar
Progress (3): 413/424 kB | 303/378 kB | 164 kBProgress (3): 417/424 kB | 303/378 kB | 164 kBProgress (3): 417/424 kB | 307/378 kB | 164 kBProgress (3): 417/424 kB | 311/378 kB | 164 kBProgress (3): 421/424 kB | 311/378 kB | 164 kBProgress (3): 424 kB | 311/378 kB | 164 kB    Progress (3): 424 kB | 315/378 kB | 164 kBProgress (3): 424 kB | 319/378 kB | 164 kBProgress (3): 424 kB | 323/378 kB | 164 kBProgress (3): 424 kB | 327/378 kB | 164 kBProgress (3): 424 kB | 331/378 kB | 164 kBProgress (3): 424 kB | 335/378 kB | 164 kBProgress (3): 424 kB | 339/378 kB | 164 kBProgress (3): 424 kB | 344/378 kB | 164 kBProgress (3): 424 kB | 348/378 kB | 164 kBProgress (3): 424 kB | 352/378 kB | 164 kBProgress (3): 424 kB | 356/378 kB | 164 kBProgress (3): 424 kB | 360/378 kB | 164 kBProgress (3): 424 kB | 364/378 kB | 164 kBProgress (3): 424 kB | 368/378 kB | 164 kBProgress (3): 424 kB | 372/378 kB | 164 kBProgress (3): 424 kB | 376/378 kB | 164 kBProgress (3): 424 kB | 378 kB | 164 kB    Progress (4): 424 kB | 378 kB | 164 kB | 4.1/44 kBProgress (5): 424 kB | 378 kB | 164 kB | 4.1/44 kB | 4.1/47 kBProgress (5): 424 kB | 378 kB | 164 kB | 7.7/44 kB | 4.1/47 kBProgress (5): 424 kB | 378 kB | 164 kB | 7.7/44 kB | 7.7/47 kBProgress (5): 424 kB | 378 kB | 164 kB | 12/44 kB | 7.7/47 kB Progress (5): 424 kB | 378 kB | 164 kB | 16/44 kB | 7.7/47 kBProgress (5): 424 kB | 378 kB | 164 kB | 20/44 kB | 7.7/47 kBProgress (5): 424 kB | 378 kB | 164 kB | 24/44 kB | 7.7/47 kBProgress (5): 424 kB | 378 kB | 164 kB | 28/44 kB | 7.7/47 kBProgress (5): 424 kB | 378 kB | 164 kB | 28/44 kB | 12/47 kB Progress (5): 424 kB | 378 kB | 164 kB | 28/44 kB | 16/47 kBProgress (5): 424 kB | 378 kB | 164 kB | 32/44 kB | 16/47 kBProgress (5): 424 kB | 378 kB | 164 kB | 36/44 kB | 16/47 kBProgress (5): 424 kB | 378 kB | 164 kB | 40/44 kB | 16/47 kB                                                            Downloaded from central: https://repo.maven.apache.org/maven2/org/apache/maven/maven-model/3.3.9/maven-model-3.3.9.jar (164 kB at 209 kB/s)
Downloading from central: https://repo.maven.apache.org/maven2/org/apache/maven/shared/maven-common-artifact-filters/3.0.1/maven-common-artifact-filters-3.0.1.jar
Downloaded from central: https://repo.maven.apache.org/maven2/org/eclipse/sisu/org.eclipse.sisu.inject/0.3.2/org.eclipse.sisu.inject-0.3.2.jar (378 kB at 480 kB/s)
Downloading from central: https://repo.maven.apache.org/maven2/org/codehaus/plexus/plexus-archiver/3.6.0/plexus-archiver-3.6.0.jar
Progress (3): 424 kB | 44 kB | 16/47 kBProgress (3): 424 kB | 44 kB | 20/47 kBProgress (3): 424 kB | 44 kB | 24/47 kBProgress (3): 424 kB | 44 kB | 28/47 kBProgress (3): 424 kB | 44 kB | 32/47 kBProgress (3): 424 kB | 44 kB | 36/47 kBProgress (3): 424 kB | 44 kB | 40/47 kBProgress (3): 424 kB | 44 kB | 45/47 kBProgress (3): 424 kB | 44 kB | 47 kB                                       Downloaded from central: https://repo.maven.apache.org/maven2/com/google/inject/guice/4.0/guice-4.0-no_aop.jar (424 kB at 532 kB/s)
Downloading from central: https://repo.maven.apache.org/maven2/org/codehaus/plexus/plexus-io/3.0.1/plexus-io-3.0.1.jar
Progress (3): 44 kB | 47 kB | 2.8/61 kBProgress (3): 44 kB | 47 kB | 5.4/61 kBProgress (3): 44 kB | 47 kB | 8.1/61 kBProgress (3): 44 kB | 47 kB | 11/61 kB Progress (3): 44 kB | 47 kB | 14/61 kBProgress (3): 44 kB | 47 kB | 16/61 kBProgress (3): 44 kB | 47 kB | 19/61 kBProgress (3): 44 kB | 47 kB | 22/61 kBProgress (3): 44 kB | 47 kB | 25/61 kBProgress (3): 44 kB | 47 kB | 27/61 kBProgress (3): 44 kB | 47 kB | 30/61 kBProgress (3): 44 kB | 47 kB | 33/61 kB                                      Downloaded from central: https://repo.maven.apache.org/maven2/org/apache/maven/maven-settings/3.3.9/maven-settings-3.3.9.jar (44 kB at 54 kB/s)
Downloading from central: https://repo.maven.apache.org/maven2/org/apache/maven/plugins/maven-shade-plugin/3.2.1/maven-shade-plugin-3.2.1.jar
Progress (2): 47 kB | 36/61 kBProgress (2): 47 kB | 38/61 kBProgress (2): 47 kB | 42/61 kBProgress (2): 47 kB | 46/61 kBProgress (2): 47 kB | 50/61 kBProgress (2): 47 kB | 55/61 kBProgress (2): 47 kB | 59/61 kBProgress (2): 47 kB | 61 kB   Progress (3): 47 kB | 61 kB | 2.8/191 kBProgress (3): 47 kB | 61 kB | 5.5/191 kBProgress (3): 47 kB | 61 kB | 8.3/191 kBProgress (3): 47 kB | 61 kB | 11/191 kB Progress (3): 47 kB | 61 kB | 14/191 kBProgress (3): 47 kB | 61 kB | 16/191 kBProgress (3): 47 kB | 61 kB | 19/191 kBProgress (3): 47 kB | 61 kB | 22/191 kBProgress (3): 47 kB | 61 kB | 25/191 kBProgress (3): 47 kB | 61 kB | 27/191 kBProgress (4): 47 kB | 61 kB | 27/191 kB | 4.1/74 kBProgress (4): 47 kB | 61 kB | 27/191 kB | 7.7/74 kBProgress (4): 47 kB | 61 kB | 27/191 kB | 12/74 kB Progress (4): 47 kB | 61 kB | 27/191 kB | 16/74 kBProgress (4): 47 kB | 61 kB | 27/191 kB | 20/74 kB                                                  Downloaded from central: https://repo.maven.apache.org/maven2/org/apache/maven/maven-plugin-api/3.3.9/maven-plugin-api-3.3.9.jar (47 kB at 57 kB/s)
Downloading from central: https://repo.maven.apache.org/maven2/org/apache/maven/shared/maven-artifact-transfer/0.10.0/maven-artifact-transfer-0.10.0.jar
Progress (3): 61 kB | 27/191 kB | 24/74 kBProgress (3): 61 kB | 27/191 kB | 28/74 kBProgress (3): 61 kB | 27/191 kB | 32/74 kBProgress (3): 61 kB | 30/191 kB | 32/74 kBProgress (3): 61 kB | 33/191 kB | 32/74 kBProgress (3): 61 kB | 33/191 kB | 36/74 kBProgress (3): 61 kB | 33/191 kB | 40/74 kBProgress (3): 61 kB | 33/191 kB | 45/74 kBProgress (3): 61 kB | 33/191 kB | 49/74 kBProgress (3): 61 kB | 37/191 kB | 49/74 kBProgress (3): 61 kB | 41/191 kB | 49/74 kBProgress (3): 61 kB | 45/191 kB | 49/74 kBProgress (3): 61 kB | 49/191 kB | 49/74 kBProgress (3): 61 kB | 49/191 kB | 53/74 kBProgress (3): 61 kB | 53/191 kB | 53/74 kBProgress (3): 61 kB | 53/191 kB | 57/74 kBProgress (3): 61 kB | 53/191 kB | 61/74 kBProgress (3): 61 kB | 53/191 kB | 65/74 kBProgress (3): 61 kB | 57/191 kB | 65/74 kBProgress (3): 61 kB | 61/191 kB | 65/74 kBProgress (3): 61 kB | 61/191 kB | 69/74 kBProgress (3): 61 kB | 61/191 kB | 73/74 kBProgress (3): 61 kB | 66/191 kB | 73/74 kBProgress (3): 61 kB | 66/191 kB | 74 kB   Progress (3): 61 kB | 70/191 kB | 74 kBProgress (3): 61 kB | 74/191 kB | 74 kBProgress (3): 61 kB | 78/191 kB | 74 kBProgress (3): 61 kB | 82/191 kB | 74 kB                                       Downloaded from central: https://repo.maven.apache.org/maven2/org/apache/maven/shared/maven-common-artifact-filters/3.0.1/maven-common-artifact-filters-3.0.1.jar (61 kB at 70 kB/s)
Progress (3): 82/191 kB | 74 kB | 4.1/128 kB                                            Downloading from central: https://repo.maven.apache.org/maven2/org/ow2/asm/asm/7.0/asm-7.0.jar
Progress (3): 86/191 kB | 74 kB | 4.1/128 kBProgress (4): 86/191 kB | 74 kB | 4.1/128 kB | 4.1/114 kBProgress (4): 90/191 kB | 74 kB | 4.1/128 kB | 4.1/114 kBProgress (4): 94/191 kB | 74 kB | 4.1/128 kB | 4.1/114 kBProgress (4): 98/191 kB | 74 kB | 4.1/128 kB | 4.1/114 kBProgress (4): 98/191 kB | 74 kB | 7.7/128 kB | 4.1/114 kBProgress (4): 102/191 kB | 74 kB | 7.7/128 kB | 4.1/114 kBProgress (4): 102/191 kB | 74 kB | 7.7/128 kB | 7.7/114 kBProgress (4): 106/191 kB | 74 kB | 7.7/128 kB | 7.7/114 kBProgress (4): 106/191 kB | 74 kB | 12/128 kB | 7.7/114 kB Progress (4): 111/191 kB | 74 kB | 12/128 kB | 7.7/114 kBProgress (4): 111/191 kB | 74 kB | 12/128 kB | 12/114 kB Progress (4): 115/191 kB | 74 kB | 12/128 kB | 12/114 kBProgress (4): 115/191 kB | 74 kB | 16/128 kB | 12/114 kBProgress (4): 115/191 kB | 74 kB | 16/128 kB | 16/114 kBProgress (4): 115/191 kB | 74 kB | 16/128 kB | 20/114 kBProgress (4): 115/191 kB | 74 kB | 16/128 kB | 24/114 kBProgress (4): 115/191 kB | 74 kB | 16/128 kB | 28/114 kBProgress (4): 115/191 kB | 74 kB | 16/128 kB | 32/114 kBProgress (4): 115/191 kB | 74 kB | 16/128 kB | 36/114 kBProgress (4): 115/191 kB | 74 kB | 16/128 kB | 40/114 kBProgress (4): 115/191 kB | 74 kB | 16/128 kB | 45/114 kBProgress (4): 115/191 kB | 74 kB | 16/128 kB | 49/114 kBProgress (4): 115/191 kB | 74 kB | 16/128 kB | 53/114 kBProgress (4): 115/191 kB | 74 kB | 16/128 kB | 57/114 kBProgress (4): 115/191 kB | 74 kB | 16/128 kB | 61/114 kBProgress (4): 115/191 kB | 74 kB | 16/128 kB | 65/114 kBProgress (4): 115/191 kB | 74 kB | 16/128 kB | 69/114 kBProgress (4): 115/191 kB | 74 kB | 16/128 kB | 73/114 kBProgress (4): 115/191 kB | 74 kB | 16/128 kB | 77/114 kBProgress (4): 115/191 kB | 74 kB | 16/128 kB | 81/114 kBProgress (4): 115/191 kB | 74 kB | 20/128 kB | 81/114 kBProgress (4): 119/191 kB | 74 kB | 20/128 kB | 81/114 kBProgress (4): 119/191 kB | 74 kB | 24/128 kB | 81/114 kBProgress (4): 123/191 kB | 74 kB | 24/128 kB | 81/114 kBProgress (4): 123/191 kB | 74 kB | 28/128 kB | 81/114 kBProgress (4): 127/191 kB | 74 kB | 28/128 kB | 81/114 kBProgress (4): 131/191 kB | 74 kB | 28/128 kB | 81/114 kBProgress (4): 131/191 kB | 74 kB | 32/128 kB | 81/114 kBProgress (4): 135/191 kB | 74 kB | 32/128 kB | 81/114 kBProgress (4): 135/191 kB | 74 kB | 36/128 kB | 81/114 kBProgress (4): 139/191 kB | 74 kB | 36/128 kB | 81/114 kBProgress (4): 143/191 kB | 74 kB | 36/128 kB | 81/114 kBProgress (4): 143/191 kB | 74 kB | 40/128 kB | 81/114 kBProgress (4): 147/191 kB | 74 kB | 40/128 kB | 81/114 kB                                                        Downloaded from central: https://repo.maven.apache.org/maven2/org/codehaus/plexus/plexus-io/3.0.1/plexus-io-3.0.1.jar (74 kB at 83 kB/s)
Progress (3): 147/191 kB | 45/128 kB | 81/114 kBProgress (3): 152/191 kB | 45/128 kB | 81/114 kBProgress (3): 152/191 kB | 49/128 kB | 81/114 kBProgress (3): 156/191 kB | 49/128 kB | 81/114 kBProgress (3): 160/191 kB | 49/128 kB | 81/114 kBProgress (3): 164/191 kB | 49/128 kB | 81/114 kBProgress (3): 164/191 kB | 53/128 kB | 81/114 kBProgress (3): 164/191 kB | 57/128 kB | 81/114 kBProgress (3): 164/191 kB | 61/128 kB | 81/114 kBProgress (3): 164/191 kB | 65/128 kB | 81/114 kBProgress (3): 164/191 kB | 69/128 kB | 81/114 kBProgress (3): 164/191 kB | 73/128 kB | 81/114 kBProgress (3): 164/191 kB | 77/128 kB | 81/114 kBProgress (3): 164/191 kB | 81/128 kB | 81/114 kBProgress (3): 164/191 kB | 85/128 kB | 81/114 kBProgress (3): 164/191 kB | 90/128 kB | 81/114 kBProgress (3): 164/191 kB | 94/128 kB | 81/114 kBProgress (3): 164/191 kB | 98/128 kB | 81/114 kBProgress (3): 164/191 kB | 102/128 kB | 81/114 kBProgress (3): 164/191 kB | 106/128 kB | 81/114 kBProgress (3): 164/191 kB | 110/128 kB | 81/114 kBProgress (3): 164/191 kB | 114/128 kB | 81/114 kBProgress (3): 164/191 kB | 118/128 kB | 81/114 kBProgress (3): 164/191 kB | 122/128 kB | 81/114 kBProgress (3): 164/191 kB | 126/128 kB | 81/114 kBProgress (3): 164/191 kB | 128 kB | 81/114 kB                                                 Downloading from central: https://repo.maven.apache.org/maven2/org/ow2/asm/asm-commons/7.0/asm-commons-7.0.jar
Progress (3): 164/191 kB | 128 kB | 85/114 kBProgress (3): 168/191 kB | 128 kB | 85/114 kBProgress (3): 168/191 kB | 128 kB | 90/114 kBProgress (3): 172/191 kB | 128 kB | 90/114 kBProgress (3): 172/191 kB | 128 kB | 94/114 kBProgress (3): 176/191 kB | 128 kB | 94/114 kBProgress (3): 176/191 kB | 128 kB | 98/114 kBProgress (3): 180/191 kB | 128 kB | 98/114 kBProgress (3): 180/191 kB | 128 kB | 102/114 kBProgress (3): 180/191 kB | 128 kB | 106/114 kBProgress (3): 180/191 kB | 128 kB | 110/114 kBProgress (3): 180/191 kB | 128 kB | 114 kB    Progress (3): 184/191 kB | 128 kB | 114 kBProgress (3): 188/191 kB | 128 kB | 114 kBProgress (3): 191 kB | 128 kB | 114 kB    Progress (4): 191 kB | 128 kB | 114 kB | 4.1/114 kBProgress (4): 191 kB | 128 kB | 114 kB | 7.7/114 kBProgress (4): 191 kB | 128 kB | 114 kB | 12/114 kB Progress (4): 191 kB | 128 kB | 114 kB | 16/114 kBProgress (4): 191 kB | 128 kB | 114 kB | 20/114 kBProgress (4): 191 kB | 128 kB | 114 kB | 24/114 kBProgress (4): 191 kB | 128 kB | 114 kB | 28/114 kBProgress (4): 191 kB | 128 kB | 114 kB | 32/114 kBProgress (4): 191 kB | 128 kB | 114 kB | 36/114 kBProgress (4): 191 kB | 128 kB | 114 kB | 40/114 kBProgress (4): 191 kB | 128 kB | 114 kB | 45/114 kBProgress (4): 191 kB | 128 kB | 114 kB | 49/114 kBProgress (4): 191 kB | 128 kB | 114 kB | 53/114 kBProgress (4): 191 kB | 128 kB | 114 kB | 57/114 kBProgress (4): 191 kB | 128 kB | 114 kB | 61/114 kB                                                  Downloaded from central: https://repo.maven.apache.org/maven2/org/apache/maven/shared/maven-artifact-transfer/0.10.0/maven-artifact-transfer-0.10.0.jar (128 kB at 138 kB/s)
Downloading from central: https://repo.maven.apache.org/maven2/org/ow2/asm/asm-tree/7.0/asm-tree-7.0.jar
Progress (3): 191 kB | 114 kB | 65/114 kBProgress (3): 191 kB | 114 kB | 69/114 kBProgress (3): 191 kB | 114 kB | 73/114 kBProgress (3): 191 kB | 114 kB | 77/114 kBProgress (4): 191 kB | 114 kB | 77/114 kB | 4.1/80 kBProgress (4): 191 kB | 114 kB | 77/114 kB | 7.7/80 kBProgress (4): 191 kB | 114 kB | 77/114 kB | 12/80 kB Progress (4): 191 kB | 114 kB | 77/114 kB | 16/80 kBProgress (4): 191 kB | 114 kB | 81/114 kB | 16/80 kBProgress (4): 191 kB | 114 kB | 81/114 kB | 20/80 kBProgress (4): 191 kB | 114 kB | 81/114 kB | 24/80 kBProgress (4): 191 kB | 114 kB | 81/114 kB | 28/80 kBProgress (4): 191 kB | 114 kB | 81/114 kB | 32/80 kBProgress (4): 191 kB | 114 kB | 81/114 kB | 36/80 kBProgress (4): 191 kB | 114 kB | 81/114 kB | 40/80 kBProgress (4): 191 kB | 114 kB | 81/114 kB | 45/80 kBProgress (4): 191 kB | 114 kB | 81/114 kB | 49/80 kBProgress (4): 191 kB | 114 kB | 85/114 kB | 49/80 kBProgress (4): 191 kB | 114 kB | 90/114 kB | 49/80 kBProgress (4): 191 kB | 114 kB | 94/114 kB | 49/80 kBProgress (4): 191 kB | 114 kB | 94/114 kB | 53/80 kBProgress (4): 191 kB | 114 kB | 94/114 kB | 57/80 kBProgress (4): 191 kB | 114 kB | 94/114 kB | 61/80 kBProgress (4): 191 kB | 114 kB | 94/114 kB | 65/80 kB                                                    Downloaded from central: https://repo.maven.apache.org/maven2/org/apache/maven/plugins/maven-shade-plugin/3.2.1/maven-shade-plugin-3.2.1.jar (114 kB at 120 kB/s)
Downloading from central: https://repo.maven.apache.org/maven2/org/ow2/asm/asm-analysis/7.0/asm-analysis-7.0.jar
Progress (3): 191 kB | 98/114 kB | 65/80 kB                                           Downloaded from central: https://repo.maven.apache.org/maven2/org/codehaus/plexus/plexus-archiver/3.6.0/plexus-archiver-3.6.0.jar (191 kB at 201 kB/s)
Downloading from central: https://repo.maven.apache.org/maven2/org/jdom/jdom2/2.0.6/jdom2-2.0.6.jar
Progress (2): 102/114 kB | 65/80 kBProgress (2): 102/114 kB | 69/80 kBProgress (2): 102/114 kB | 73/80 kBProgress (2): 102/114 kB | 77/80 kBProgress (2): 102/114 kB | 80 kB   Progress (2): 106/114 kB | 80 kBProgress (2): 110/114 kB | 80 kBProgress (2): 114 kB | 80 kB    Progress (3): 114 kB | 80 kB | 4.1/50 kBProgress (3): 114 kB | 80 kB | 7.7/50 kBProgress (3): 114 kB | 80 kB | 12/50 kB Progress (3): 114 kB | 80 kB | 16/50 kBProgress (3): 114 kB | 80 kB | 20/50 kBProgress (3): 114 kB | 80 kB | 24/50 kBProgress (3): 114 kB | 80 kB | 28/50 kBProgress (3): 114 kB | 80 kB | 32/50 kBProgress (3): 114 kB | 80 kB | 36/50 kBProgress (3): 114 kB | 80 kB | 40/50 kBProgress (3): 114 kB | 80 kB | 45/50 kBProgress (3): 114 kB | 80 kB | 49/50 kBProgress (3): 114 kB | 80 kB | 50 kB                                       Downloaded from central: https://repo.maven.apache.org/maven2/org/ow2/asm/asm-commons/7.0/asm-commons-7.0.jar (80 kB at 82 kB/s)
Downloading from central: https://repo.maven.apache.org/maven2/org/apache/maven/shared/maven-dependency-tree/3.0.1/maven-dependency-tree-3.0.1.jar
Downloaded from central: https://repo.maven.apache.org/maven2/org/ow2/asm/asm/7.0/asm-7.0.jar (114 kB at 116 kB/s)
Progress (2): 50 kB | 4.1/305 kB                                Downloading from central: https://repo.maven.apache.org/maven2/org/vafer/jdependency/2.1.1/jdependency-2.1.1.jar
Progress (2): 50 kB | 8.2/305 kBProgress (2): 50 kB | 12/305 kB Progress (2): 50 kB | 16/305 kBProgress (2): 50 kB | 20/305 kBProgress (2): 50 kB | 25/305 kBProgress (2): 50 kB | 29/305 kBProgress (2): 50 kB | 33/305 kBProgress (3): 50 kB | 33/305 kB | 4.1/33 kBProgress (3): 50 kB | 33/305 kB | 7.7/33 kBProgress (3): 50 kB | 33/305 kB | 12/33 kB Progress (3): 50 kB | 33/305 kB | 16/33 kBProgress (3): 50 kB | 33/305 kB | 20/33 kBProgress (3): 50 kB | 33/305 kB | 24/33 kBProgress (3): 50 kB | 33/305 kB | 28/33 kBProgress (3): 50 kB | 33/305 kB | 32/33 kBProgress (3): 50 kB | 33/305 kB | 33 kB   Progress (3): 50 kB | 37/305 kB | 33 kBProgress (3): 50 kB | 41/305 kB | 33 kBProgress (3): 50 kB | 45/305 kB | 33 kBProgress (3): 50 kB | 49/305 kB | 33 kBProgress (3): 50 kB | 53/305 kB | 33 kBProgress (3): 50 kB | 57/305 kB | 33 kB                                       Downloaded from central: https://repo.maven.apache.org/maven2/org/ow2/asm/asm-tree/7.0/asm-tree-7.0.jar (50 kB at 50 kB/s)
Downloading from central: https://repo.maven.apache.org/maven2/org/ow2/asm/asm-util/7.0-beta/asm-util-7.0-beta.jar
Progress (2): 61/305 kB | 33 kBProgress (2): 66/305 kB | 33 kBProgress (2): 70/305 kB | 33 kBProgress (2): 73/305 kB | 33 kBProgress (2): 77/305 kB | 33 kBProgress (2): 81/305 kB | 33 kBProgress (2): 85/305 kB | 33 kBProgress (2): 90/305 kB | 33 kBProgress (3): 90/305 kB | 33 kB | 4.1/37 kBProgress (3): 94/305 kB | 33 kB | 4.1/37 kBProgress (3): 94/305 kB | 33 kB | 7.7/37 kBProgress (3): 94/305 kB | 33 kB | 12/37 kB Progress (3): 94/305 kB | 33 kB | 16/37 kBProgress (3): 98/305 kB | 33 kB | 16/37 kBProgress (3): 102/305 kB | 33 kB | 16/37 kBProgress (3): 106/305 kB | 33 kB | 16/37 kBProgress (3): 106/305 kB | 33 kB | 20/37 kBProgress (3): 106/305 kB | 33 kB | 24/37 kBProgress (3): 106/305 kB | 33 kB | 28/37 kBProgress (3): 106/305 kB | 33 kB | 32/37 kBProgress (3): 106/305 kB | 33 kB | 36/37 kBProgress (3): 106/305 kB | 33 kB | 37 kB   Progress (3): 110/305 kB | 33 kB | 37 kBProgress (3): 114/305 kB | 33 kB | 37 kBProgress (3): 118/305 kB | 33 kB | 37 kB                                        Downloaded from central: https://repo.maven.apache.org/maven2/org/ow2/asm/asm-analysis/7.0/asm-analysis-7.0.jar (33 kB at 33 kB/s)
Downloading from central: https://repo.maven.apache.org/maven2/com/google/guava/guava/19.0/guava-19.0.jar
Progress (2): 122/305 kB | 37 kBProgress (3): 122/305 kB | 37 kB | 4.1/186 kBProgress (3): 122/305 kB | 37 kB | 7.7/186 kBProgress (3): 122/305 kB | 37 kB | 12/186 kB Progress (3): 122/305 kB | 37 kB | 16/186 kBProgress (3): 126/305 kB | 37 kB | 16/186 kBProgress (3): 130/305 kB | 37 kB | 16/186 kBProgress (3): 135/305 kB | 37 kB | 16/186 kBProgress (3): 139/305 kB | 37 kB | 16/186 kBProgress (3): 139/305 kB | 37 kB | 20/186 kBProgress (3): 139/305 kB | 37 kB | 24/186 kBProgress (3): 139/305 kB | 37 kB | 28/186 kBProgress (3): 139/305 kB | 37 kB | 32/186 kBProgress (3): 143/305 kB | 37 kB | 32/186 kBProgress (3): 147/305 kB | 37 kB | 32/186 kBProgress (3): 151/305 kB | 37 kB | 32/186 kBProgress (3): 151/305 kB | 37 kB | 36/186 kBProgress (3): 155/305 kB | 37 kB | 36/186 kBProgress (3): 155/305 kB | 37 kB | 40/186 kBProgress (3): 155/305 kB | 37 kB | 45/186 kBProgress (3): 155/305 kB | 37 kB | 49/186 kBProgress (3): 155/305 kB | 37 kB | 53/186 kBProgress (3): 155/305 kB | 37 kB | 57/186 kBProgress (3): 155/305 kB | 37 kB | 61/186 kBProgress (3): 155/305 kB | 37 kB | 65/186 kBProgress (3): 159/305 kB | 37 kB | 65/186 kBProgress (3): 163/305 kB | 37 kB | 65/186 kBProgress (3): 167/305 kB | 37 kB | 65/186 kBProgress (3): 171/305 kB | 37 kB | 65/186 kBProgress (4): 171/305 kB | 37 kB | 65/186 kB | 4.1/81 kBProgress (4): 171/305 kB | 37 kB | 65/186 kB | 7.7/81 kBProgress (4): 171/305 kB | 37 kB | 65/186 kB | 12/81 kB Progress (4): 171/305 kB | 37 kB | 65/186 kB | 16/81 kBProgress (4): 171/305 kB | 37 kB | 69/186 kB | 16/81 kBProgress (4): 171/305 kB | 37 kB | 73/186 kB | 16/81 kBProgress (4): 171/305 kB | 37 kB | 77/186 kB | 16/81 kBProgress (4): 171/305 kB | 37 kB | 81/186 kB | 16/81 kBProgress (4): 171/305 kB | 37 kB | 81/186 kB | 20/81 kBProgress (4): 171/305 kB | 37 kB | 81/186 kB | 24/81 kBProgress (4): 171/305 kB | 37 kB | 81/186 kB | 28/81 kBProgress (4): 171/305 kB | 37 kB | 81/186 kB | 32/81 kBProgress (4): 176/305 kB | 37 kB | 81/186 kB | 32/81 kBProgress (4): 180/305 kB | 37 kB | 81/186 kB | 32/81 kBProgress (4): 184/305 kB | 37 kB | 81/186 kB | 32/81 kBProgress (4): 188/305 kB | 37 kB | 81/186 kB | 32/81 kBProgress (4): 188/305 kB | 37 kB | 81/186 kB | 36/81 kBProgress (4): 188/305 kB | 37 kB | 81/186 kB | 40/81 kBProgress (4): 188/305 kB | 37 kB | 81/186 kB | 45/81 kBProgress (4): 188/305 kB | 37 kB | 81/186 kB | 49/81 kBProgress (4): 188/305 kB | 37 kB | 81/186 kB | 53/81 kBProgress (4): 188/305 kB | 37 kB | 81/186 kB | 57/81 kBProgress (4): 188/305 kB | 37 kB | 81/186 kB | 61/81 kBProgress (4): 188/305 kB | 37 kB | 81/186 kB | 65/81 kBProgress (4): 188/305 kB | 37 kB | 81/186 kB | 69/81 kBProgress (4): 188/305 kB | 37 kB | 81/186 kB | 73/81 kBProgress (4): 188/305 kB | 37 kB | 81/186 kB | 77/81 kBProgress (4): 188/305 kB | 37 kB | 81/186 kB | 81 kB   Progress (4): 188/305 kB | 37 kB | 85/186 kB | 81 kBProgress (4): 188/305 kB | 37 kB | 90/186 kB | 81 kBProgress (4): 188/305 kB | 37 kB | 94/186 kB | 81 kBProgress (4): 188/305 kB | 37 kB | 98/186 kB | 81 kBProgress (4): 192/305 kB | 37 kB | 98/186 kB | 81 kBProgress (4): 196/305 kB | 37 kB | 98/186 kB | 81 kBProgress (4): 200/305 kB | 37 kB | 98/186 kB | 81 kBProgress (4): 204/305 kB | 37 kB | 98/186 kB | 81 kBProgress (4): 204/305 kB | 37 kB | 102/186 kB | 81 kBProgress (4): 204/305 kB | 37 kB | 106/186 kB | 81 kBProgress (4): 204/305 kB | 37 kB | 110/186 kB | 81 kBProgress (4): 204/305 kB | 37 kB | 114/186 kB | 81 kBProgress (4): 204/305 kB | 37 kB | 118/186 kB | 81 kBProgress (4): 204/305 kB | 37 kB | 122/186 kB | 81 kBProgress (4): 204/305 kB | 37 kB | 126/186 kB | 81 kBProgress (4): 204/305 kB | 37 kB | 131/186 kB | 81 kBProgress (4): 208/305 kB | 37 kB | 131/186 kB | 81 kBProgress (4): 212/305 kB | 37 kB | 131/186 kB | 81 kBProgress (4): 216/305 kB | 37 kB | 131/186 kB | 81 kBProgress (4): 221/305 kB | 37 kB | 131/186 kB | 81 kB                                                     Downloaded from central: https://repo.maven.apache.org/maven2/org/apache/maven/shared/maven-dependency-tree/3.0.1/maven-dependency-tree-3.0.1.jar (37 kB at 34 kB/s)
Progress (3): 225/305 kB | 131/186 kB | 81 kBProgress (3): 229/305 kB | 131/186 kB | 81 kBProgress (3): 233/305 kB | 131/186 kB | 81 kBProgress (3): 237/305 kB | 131/186 kB | 81 kBProgress (3): 237/305 kB | 135/186 kB | 81 kBProgress (3): 237/305 kB | 139/186 kB | 81 kBProgress (3): 237/305 kB | 143/186 kB | 81 kBProgress (3): 237/305 kB | 147/186 kB | 81 kBProgress (3): 237/305 kB | 151/186 kB | 81 kBProgress (3): 241/305 kB | 151/186 kB | 81 kBProgress (3): 245/305 kB | 151/186 kB | 81 kBProgress (3): 249/305 kB | 151/186 kB | 81 kBProgress (3): 253/305 kB | 151/186 kB | 81 kBProgress (3): 257/305 kB | 151/186 kB | 81 kBProgress (3): 262/305 kB | 151/186 kB | 81 kBProgress (3): 266/305 kB | 151/186 kB | 81 kBProgress (3): 270/305 kB | 151/186 kB | 81 kB                                             Downloaded from central: https://repo.maven.apache.org/maven2/org/ow2/asm/asm-util/7.0-beta/asm-util-7.0-beta.jar (81 kB at 73 kB/s)
Progress (3): 270/305 kB | 151/186 kB | 0/2.3 MBProgress (3): 270/305 kB | 151/186 kB | 0/2.3 MBProgress (3): 270/305 kB | 151/186 kB | 0/2.3 MBProgress (3): 270/305 kB | 151/186 kB | 0.1/2.3 MBProgress (3): 270/305 kB | 151/186 kB | 0.1/2.3 MBProgress (3): 270/305 kB | 151/186 kB | 0.1/2.3 MBProgress (3): 270/305 kB | 155/186 kB | 0.1/2.3 MBProgress (3): 270/305 kB | 159/186 kB | 0.1/2.3 MBProgress (3): 270/305 kB | 163/186 kB | 0.1/2.3 MBProgress (3): 270/305 kB | 167/186 kB | 0.1/2.3 MBProgress (3): 270/305 kB | 171/186 kB | 0.1/2.3 MBProgress (3): 270/305 kB | 176/186 kB | 0.1/2.3 MBProgress (3): 270/305 kB | 180/186 kB | 0.1/2.3 MBProgress (3): 270/305 kB | 184/186 kB | 0.1/2.3 MBProgress (3): 270/305 kB | 186 kB | 0.1/2.3 MB    Progress (3): 270/305 kB | 186 kB | 0.1/2.3 MBProgress (3): 274/305 kB | 186 kB | 0.1/2.3 MBProgress (3): 278/305 kB | 186 kB | 0.1/2.3 MBProgress (3): 282/305 kB | 186 kB | 0.1/2.3 MBProgress (3): 286/305 kB | 186 kB | 0.1/2.3 MBProgress (3): 286/305 kB | 186 kB | 0.1/2.3 MBProgress (3): 286/305 kB | 186 kB | 0.1/2.3 MBProgress (3): 286/305 kB | 186 kB | 0.2/2.3 MBProgress (3): 286/305 kB | 186 kB | 0.2/2.3 MBProgress (3): 286/305 kB | 186 kB | 0.2/2.3 MBProgress (3): 290/305 kB | 186 kB | 0.2/2.3 MBProgress (3): 290/305 kB | 186 kB | 0.2/2.3 MBProgress (3): 294/305 kB | 186 kB | 0.2/2.3 MBProgress (3): 298/305 kB | 186 kB | 0.2/2.3 MBProgress (3): 302/305 kB | 186 kB | 0.2/2.3 MBProgress (3): 302/305 kB | 186 kB | 0.2/2.3 MBProgress (3): 305 kB | 186 kB | 0.2/2.3 MB    Progress (3): 305 kB | 186 kB | 0.2/2.3 MBProgress (3): 305 kB | 186 kB | 0.3/2.3 MBProgress (3): 305 kB | 186 kB | 0.3/2.3 MBProgress (3): 305 kB | 186 kB | 0.3/2.3 MBProgress (3): 305 kB | 186 kB | 0.3/2.3 MBProgress (3): 305 kB | 186 kB | 0.3/2.3 MBProgress (3): 305 kB | 186 kB | 0.3/2.3 MBProgress (3): 305 kB | 186 kB | 0.4/2.3 MBProgress (3): 305 kB | 186 kB | 0.4/2.3 MBProgress (3): 305 kB | 186 kB | 0.4/2.3 MBProgress (3): 305 kB | 186 kB | 0.4/2.3 MBProgress (3): 305 kB | 186 kB | 0.4/2.3 MBProgress (3): 305 kB | 186 kB | 0.4/2.3 MBProgress (3): 305 kB | 186 kB | 0.5/2.3 MBProgress (3): 305 kB | 186 kB | 0.5/2.3 MBProgress (3): 305 kB | 186 kB | 0.5/2.3 MBProgress (3): 305 kB | 186 kB | 0.5/2.3 MBProgress (3): 305 kB | 186 kB | 0.5/2.3 MBProgress (3): 305 kB | 186 kB | 0.5/2.3 MBProgress (3): 305 kB | 186 kB | 0.6/2.3 MBProgress (3): 305 kB | 186 kB | 0.6/2.3 MB                                          Downloaded from central: https://repo.maven.apache.org/maven2/org/vafer/jdependency/2.1.1/jdependency-2.1.1.jar (186 kB at 160 kB/s)
Progress (2): 305 kB | 0.6/2.3 MB                                 Downloaded from central: https://repo.maven.apache.org/maven2/org/jdom/jdom2/2.0.6/jdom2-2.0.6.jar (305 kB at 261 kB/s)
Progress (1): 0.6/2.3 MBProgress (1): 0.6/2.3 MBProgress (1): 0.6/2.3 MBProgress (1): 0.7/2.3 MBProgress (1): 0.7/2.3 MBProgress (1): 0.7/2.3 MBProgress (1): 0.7/2.3 MBProgress (1): 0.7/2.3 MBProgress (1): 0.7/2.3 MBProgress (1): 0.8/2.3 MBProgress (1): 0.8/2.3 MBProgress (1): 0.8/2.3 MBProgress (1): 0.8/2.3 MBProgress (1): 0.8/2.3 MBProgress (1): 0.8/2.3 MBProgress (1): 0.9/2.3 MBProgress (1): 0.9/2.3 MBProgress (1): 0.9/2.3 MBProgress (1): 0.9/2.3 MBProgress (1): 0.9/2.3 MBProgress (1): 0.9/2.3 MBProgress (1): 0.9/2.3 MBProgress (1): 1.0/2.3 MBProgress (1): 1.0/2.3 MBProgress (1): 1.0/2.3 MBProgress (1): 1.0/2.3 MBProgress (1): 1.0/2.3 MBProgress (1): 1.0/2.3 MBProgress (1): 1.1/2.3 MBProgress (1): 1.1/2.3 MBProgress (1): 1.1/2.3 MBProgress (1): 1.1/2.3 MBProgress (1): 1.1/2.3 MBProgress (1): 1.1/2.3 MBProgress (1): 1.2/2.3 MBProgress (1): 1.2/2.3 MBProgress (1): 1.2/2.3 MBProgress (1): 1.2/2.3 MBProgress (1): 1.2/2.3 MBProgress (1): 1.2/2.3 MBProgress (1): 1.3/2.3 MBProgress (1): 1.3/2.3 MBProgress (1): 1.3/2.3 MBProgress (1): 1.3/2.3 MBProgress (1): 1.3/2.3 MBProgress (1): 1.3/2.3 MBProgress (1): 1.4/2.3 MBProgress (1): 1.4/2.3 MBProgress (1): 1.4/2.3 MBProgress (1): 1.4/2.3 MBProgress (1): 1.4/2.3 MBProgress (1): 1.4/2.3 MBProgress (1): 1.5/2.3 MBProgress (1): 1.5/2.3 MBProgress (1): 1.5/2.3 MBProgress (1): 1.5/2.3 MBProgress (1): 1.5/2.3 MBProgress (1): 1.5/2.3 MBProgress (1): 1.6/2.3 MBProgress (1): 1.6/2.3 MBProgress (1): 1.6/2.3 MBProgress (1): 1.6/2.3 MBProgress (1): 1.6/2.3 MBProgress (1): 1.6/2.3 MBProgress (1): 1.7/2.3 MBProgress (1): 1.7/2.3 MBProgress (1): 1.7/2.3 MBProgress (1): 1.7/2.3 MBProgress (1): 1.7/2.3 MBProgress (1): 1.7/2.3 MBProgress (1): 1.8/2.3 MBProgress (1): 1.8/2.3 MBProgress (1): 1.8/2.3 MBProgress (1): 1.8/2.3 MBProgress (1): 1.8/2.3 MBProgress (1): 1.8/2.3 MBProgress (1): 1.8/2.3 MBProgress (1): 1.9/2.3 MBProgress (1): 1.9/2.3 MBProgress (1): 1.9/2.3 MBProgress (1): 1.9/2.3 MBProgress (1): 1.9/2.3 MBProgress (1): 1.9/2.3 MBProgress (1): 2.0/2.3 MBProgress (1): 2.0/2.3 MBProgress (1): 2.0/2.3 MBProgress (1): 2.0/2.3 MBProgress (1): 2.0/2.3 MBProgress (1): 2.0/2.3 MBProgress (1): 2.1/2.3 MBProgress (1): 2.1/2.3 MBProgress (1): 2.1/2.3 MBProgress (1): 2.1/2.3 MBProgress (1): 2.1/2.3 MBProgress (1): 2.1/2.3 MBProgress (1): 2.2/2.3 MBProgress (1): 2.2/2.3 MBProgress (1): 2.2/2.3 MBProgress (1): 2.2/2.3 MBProgress (1): 2.2/2.3 MBProgress (1): 2.2/2.3 MBProgress (1): 2.3/2.3 MBProgress (1): 2.3/2.3 MBProgress (1): 2.3/2.3 MBProgress (1): 2.3/2.3 MBProgress (1): 2.3 MB                        Downloaded from central: https://repo.maven.apache.org/maven2/com/google/guava/guava/19.0/guava-19.0.jar (2.3 MB at 1.7 MB/s)
[INFO] Replacing main artifact with repackaged archive
[INFO] ------------------------------------------------------------------------
[INFO] BUILD SUCCESS
[INFO] ------------------------------------------------------------------------
[INFO] Total time:  21.320 s
[INFO] Finished at: 2020-01-13T04:06:28Z
[INFO] ------------------------------------------------------------------------
Finished: SUCCESS
